[0mCompiling "target/cljsbuild/public/js/app.js" from ["src/cljs" "src/cljc" "env/dev/cljs"]...[0m
[32mSuccessfully compiled "target/cljsbuild/public/js/app.js" in 0.663 seconds.[0m
notifying browser that file changed:  target/cljsbuild/public/js/out/goog/deps.js
notifying browser that file changed:  target/cljsbuild/public/js/out/cljs_deps.js
notifying browser that file changed:  target/cljsbuild/public/js/out/new_todo/core.js
[0mCompiling "target/cljsbuild/public/js/app.js" from ["src/cljs" "src/cljc" "env/dev/cljs"]...[0m
[32mSuccessfully compiled "target/cljsbuild/public/js/app.js" in 0.624 seconds.[0m
notifying browser that file changed:  target/cljsbuild/public/js/out/new_todo/core.js
[0mCompiling "target/cljsbuild/public/js/app.js" from ["src/cljs" "src/cljc" "env/dev/cljs"]...[0m
[32mSuccessfully compiled "target/cljsbuild/public/js/app.js" in 0.645 seconds.[0m
notifying browser that file changed:  target/cljsbuild/public/js/out/goog/deps.js
notifying browser that file changed:  target/cljsbuild/public/js/out/cljs_deps.js
notifying browser that file changed:  target/cljsbuild/public/js/out/new_todo/core.js
[0mCompiling "target/cljsbuild/public/js/app.js" from ["src/cljs" "src/cljc" "env/dev/cljs"]...[0m
[32mSuccessfully compiled "target/cljsbuild/public/js/app.js" in 0.703 seconds.[0m
notifying browser that file changed:  target/cljsbuild/public/js/out/goog/deps.js
notifying browser that file changed:  target/cljsbuild/public/js/out/cljs_deps.js
notifying browser that file changed:  target/cljsbuild/public/js/out/new_todo/core.js
[0mCompiling "target/cljsbuild/public/js/app.js" from ["src/cljs" "src/cljc" "env/dev/cljs"]...[0m
[32mSuccessfully compiled "target/cljsbuild/public/js/app.js" in 0.753 seconds.[0m
notifying browser that file changed:  target/cljsbuild/public/js/out/new_todo/core.js
[0mCompiling "target/cljsbuild/public/js/app.js" from ["src/cljs" "src/cljc" "env/dev/cljs"]...[0m
[32mSuccessfully compiled "target/cljsbuild/public/js/app.js" in 0.598 seconds.[0m
notifying browser that file changed:  target/cljsbuild/public/js/out/new_todo/core.js
[0mCompiling "target/cljsbuild/public/js/app.js" from ["src/cljs" "src/cljc" "env/dev/cljs"]...[0m
[32mSuccessfully compiled "target/cljsbuild/public/js/app.js" in 0.617 seconds.[0m
notifying browser that file changed:  target/cljsbuild/public/js/out/new_todo/core.js
[0mCompiling "target/cljsbuild/public/js/app.js" from ["src/cljs" "src/cljc" "env/dev/cljs"]...[0m
[32mSuccessfully compiled "target/cljsbuild/public/js/app.js" in 0.602 seconds.[0m
notifying browser that file changed:  target/cljsbuild/public/js/out/new_todo/handlers.js
[0mCompiling "target/cljsbuild/public/js/app.js" from ["src/cljs" "src/cljc" "env/dev/cljs"]...[0m
[32mSuccessfully compiled "target/cljsbuild/public/js/app.js" in 0.632 seconds.[0m
notifying browser that file changed:  target/cljsbuild/public/js/out/new_todo/subscriptions.js
[0mCompiling "target/cljsbuild/public/js/app.js" from ["src/cljs" "src/cljc" "env/dev/cljs"]...[0m
[32mSuccessfully compiled "target/cljsbuild/public/js/app.js" in 0.556 seconds.[0m
notifying browser that file changed:  target/cljsbuild/public/js/out/new_todo/core.js
[0mCompiling "target/cljsbuild/public/js/app.js" from ["src/cljs" "src/cljc" "env/dev/cljs"]...[0m
[32mSuccessfully compiled "target/cljsbuild/public/js/app.js" in 0.557 seconds.[0m
notifying browser that file changed:  target/cljsbuild/public/js/out/new_todo/core.js
[0mCompiling "target/cljsbuild/public/js/app.js" from ["src/cljs" "src/cljc" "env/dev/cljs"]...[0m
[32mSuccessfully compiled "target/cljsbuild/public/js/app.js" in 0.506 seconds.[0m
notifying browser that file changed:  target/cljsbuild/public/js/out/new_todo/core.js
[0mCompiling "target/cljsbuild/public/js/app.js" from ["src/cljs" "src/cljc" "env/dev/cljs"]...[0m
[32mSuccessfully compiled "target/cljsbuild/public/js/app.js" in 0.602 seconds.[0m
notifying browser that file changed:  target/cljsbuild/public/js/out/new_todo/core.js
[0mCompiling "target/cljsbuild/public/js/app.js" from ["src/cljs" "src/cljc" "env/dev/cljs"]...[0m
[32mSuccessfully compiled "target/cljsbuild/public/js/app.js" in 0.515 seconds.[0m
notifying browser that file changed:  target/cljsbuild/public/js/out/new_todo/core.js
[0mCompiling "target/cljsbuild/public/js/app.js" from ["src/cljs" "src/cljc" "env/dev/cljs"]...[0m
[32mSuccessfully compiled "target/cljsbuild/public/js/app.js" in 0.552 seconds.[0m
notifying browser that file changed:  target/cljsbuild/public/js/out/new_todo/core.js
[0mCompiling "target/cljsbuild/public/js/app.js" from ["src/cljs" "src/cljc" "env/dev/cljs"]...[0m
[32mSuccessfully compiled "target/cljsbuild/public/js/app.js" in 0.531 seconds.[0m
notifying browser that file changed:  target/cljsbuild/public/js/out/new_todo/core.js
[0mCompiling "target/cljsbuild/public/js/app.js" from ["src/cljs" "src/cljc" "env/dev/cljs"]...[0m
[32mSuccessfully compiled "target/cljsbuild/public/js/app.js" in 0.576 seconds.[0m
notifying browser that file changed:  target/cljsbuild/public/js/out/new_todo/core.js
[0mCompiling "target/cljsbuild/public/js/app.js" from ["src/cljs" "src/cljc" "env/dev/cljs"]...[0m
[32mSuccessfully compiled "target/cljsbuild/public/js/app.js" in 0.636 seconds.[0m
notifying browser that file changed:  target/cljsbuild/public/js/out/new_todo/core.js
[0mCompiling "target/cljsbuild/public/js/app.js" from ["src/cljs" "src/cljc" "env/dev/cljs"]...[0m
[32mSuccessfully compiled "target/cljsbuild/public/js/app.js" in 0.559 seconds.[0m
notifying browser that file changed:  target/cljsbuild/public/js/out/new_todo/core.js
[0mCompiling "target/cljsbuild/public/js/app.js" from ["src/cljs" "src/cljc" "env/dev/cljs"]...[0m
[32mSuccessfully compiled "target/cljsbuild/public/js/app.js" in 0.506 seconds.[0m
notifying browser that file changed:  target/cljsbuild/public/js/out/new_todo/core.js
[0mCompiling "target/cljsbuild/public/js/app.js" from ["src/cljs" "src/cljc" "env/dev/cljs"]...[0m
[32mSuccessfully compiled "target/cljsbuild/public/js/app.js" in 0.617 seconds.[0m
notifying browser that file changed:  target/cljsbuild/public/js/out/new_todo/core.js
[0mCompiling "target/cljsbuild/public/js/app.js" from ["src/cljs" "src/cljc" "env/dev/cljs"]...[0m
[32mSuccessfully compiled "target/cljsbuild/public/js/app.js" in 0.519 seconds.[0m
notifying browser that file changed:  target/cljsbuild/public/js/out/new_todo/handlers.js
[0mCompiling "target/cljsbuild/public/js/app.js" from ["src/cljs" "src/cljc" "env/dev/cljs"]...[0m
[32mSuccessfully compiled "target/cljsbuild/public/js/app.js" in 0.521 seconds.[0m
notifying browser that file changed:  target/cljsbuild/public/js/out/new_todo/core.js
[0mCompiling "target/cljsbuild/public/js/app.js" from ["src/cljs" "src/cljc" "env/dev/cljs"]...[0m
[32mSuccessfully compiled "target/cljsbuild/public/js/app.js" in 0.564 seconds.[0m
notifying browser that file changed:  target/cljsbuild/public/js/out/new_todo/core.js
[0mCompiling "target/cljsbuild/public/js/app.js" from ["src/cljs" "src/cljc" "env/dev/cljs"]...[0m
[32mSuccessfully compiled "target/cljsbuild/public/js/app.js" in 0.538 seconds.[0m
notifying browser that file changed:  target/cljsbuild/public/js/out/new_todo/core.js
[0mCompiling "target/cljsbuild/public/js/app.js" from ["src/cljs" "src/cljc" "env/dev/cljs"]...[0m
[32mSuccessfully compiled "target/cljsbuild/public/js/app.js" in 0.567 seconds.[0m
notifying browser that file changed:  target/cljsbuild/public/js/out/new_todo/core.js
[0mCompiling "target/cljsbuild/public/js/app.js" from ["src/cljs" "src/cljc" "env/dev/cljs"]...[0m
[32mSuccessfully compiled "target/cljsbuild/public/js/app.js" in 0.56 seconds.[0m
notifying browser that file changed:  target/cljsbuild/public/js/out/new_todo/core.js
[0mCompiling "target/cljsbuild/public/js/app.js" from ["src/cljs" "src/cljc" "env/dev/cljs"]...[0m
[32mSuccessfully compiled "target/cljsbuild/public/js/app.js" in 0.626 seconds.[0m
notifying browser that file changed:  target/cljsbuild/public/js/out/new_todo/subscriptions.js
[0mCompiling "target/cljsbuild/public/js/app.js" from ["src/cljs" "src/cljc" "env/dev/cljs"]...[0m
[32mSuccessfully compiled "target/cljsbuild/public/js/app.js" in 0.494 seconds.[0m
notifying browser that file changed:  target/cljsbuild/public/js/out/new_todo/core.js
[0mCompiling "target/cljsbuild/public/js/app.js" from ["src/cljs" "src/cljc" "env/dev/cljs"]...[0m
[32mSuccessfully compiled "target/cljsbuild/public/js/app.js" in 0.515 seconds.[0m
notifying browser that file changed:  target/cljsbuild/public/js/out/new_todo/core.js
[0mCompiling "target/cljsbuild/public/js/app.js" from ["src/cljs" "src/cljc" "env/dev/cljs"]...[0m
[32mSuccessfully compiled "target/cljsbuild/public/js/app.js" in 0.495 seconds.[0m
notifying browser that file changed:  target/cljsbuild/public/js/out/new_todo/core.js
[0mCompiling "target/cljsbuild/public/js/app.js" from ["src/cljs" "src/cljc" "env/dev/cljs"]...[0m
[32mSuccessfully compiled "target/cljsbuild/public/js/app.js" in 0.524 seconds.[0m
notifying browser that file changed:  target/cljsbuild/public/js/out/new_todo/core.js
[0mCompiling "target/cljsbuild/public/js/app.js" from ["src/cljs" "src/cljc" "env/dev/cljs"]...[0m
[32mSuccessfully compiled "target/cljsbuild/public/js/app.js" in 0.51 seconds.[0m
notifying browser that file changed:  target/cljsbuild/public/js/out/new_todo/core.js
[0mCompiling "target/cljsbuild/public/js/app.js" from ["src/cljs" "src/cljc" "env/dev/cljs"]...[0m
[32mSuccessfully compiled "target/cljsbuild/public/js/app.js" in 0.516 seconds.[0m
notifying browser that file changed:  target/cljsbuild/public/js/out/new_todo/core.js
[0mCompiling "target/cljsbuild/public/js/app.js" from ["src/cljs" "src/cljc" "env/dev/cljs"]...[0m
[32mSuccessfully compiled "target/cljsbuild/public/js/app.js" in 0.505 seconds.[0m
notifying browser that file changed:  target/cljsbuild/public/js/out/new_todo/core.js
[0mCompiling "target/cljsbuild/public/js/app.js" from ["src/cljs" "src/cljc" "env/dev/cljs"]...[0m
[32mSuccessfully compiled "target/cljsbuild/public/js/app.js" in 0.502 seconds.[0m
notifying browser that file changed:  target/cljsbuild/public/js/out/new_todo/core.js
[0mCompiling "target/cljsbuild/public/js/app.js" from ["src/cljs" "src/cljc" "env/dev/cljs"]...[0m
[32mSuccessfully compiled "target/cljsbuild/public/js/app.js" in 0.511 seconds.[0m
notifying browser that file changed:  target/cljsbuild/public/js/out/new_todo/core.js
[0mCompiling "target/cljsbuild/public/js/app.js" from ["src/cljs" "src/cljc" "env/dev/cljs"]...[0m
[32mSuccessfully compiled "target/cljsbuild/public/js/app.js" in 0.509 seconds.[0m
notifying browser that file changed:  target/cljsbuild/public/js/out/new_todo/core.js
[0mCompiling "target/cljsbuild/public/js/app.js" from ["src/cljs" "src/cljc" "env/dev/cljs"]...[0m
[32mSuccessfully compiled "target/cljsbuild/public/js/app.js" in 0.557 seconds.[0m
notifying browser that file changed:  target/cljsbuild/public/js/out/new_todo/core.js
[0mCompiling "target/cljsbuild/public/js/app.js" from ["src/cljs" "src/cljc" "env/dev/cljs"]...[0m
[32mSuccessfully compiled "target/cljsbuild/public/js/app.js" in 0.49 seconds.[0m
notifying browser that file changed:  target/cljsbuild/public/js/out/new_todo/core.js
[0mCompiling "target/cljsbuild/public/js/app.js" from ["src/cljs" "src/cljc" "env/dev/cljs"]...[0m
[32mSuccessfully compiled "target/cljsbuild/public/js/app.js" in 0.509 seconds.[0m
notifying browser that file changed:  target/cljsbuild/public/js/out/new_todo/core.js
[0mCompiling "target/cljsbuild/public/js/app.js" from ["src/cljs" "src/cljc" "env/dev/cljs"]...[0m
[32mSuccessfully compiled "target/cljsbuild/public/js/app.js" in 0.495 seconds.[0m
notifying browser that file changed:  target/cljsbuild/public/js/out/new_todo/core.js
[0mCompiling "target/cljsbuild/public/js/app.js" from ["src/cljs" "src/cljc" "env/dev/cljs"]...[0m
[32mSuccessfully compiled "target/cljsbuild/public/js/app.js" in 0.526 seconds.[0m
notifying browser that file changed:  target/cljsbuild/public/js/out/new_todo/core.js
[0mCompiling "target/cljsbuild/public/js/app.js" from ["src/cljs" "src/cljc" "env/dev/cljs"]...[0m
[32mSuccessfully compiled "target/cljsbuild/public/js/app.js" in 0.499 seconds.[0m
notifying browser that file changed:  target/cljsbuild/public/js/out/new_todo/core.js
[0mCompiling "target/cljsbuild/public/js/app.js" from ["src/cljs" "src/cljc" "env/dev/cljs"]...[0m
[32mSuccessfully compiled "target/cljsbuild/public/js/app.js" in 0.498 seconds.[0m
notifying browser that file changed:  target/cljsbuild/public/js/out/new_todo/core.js
[0mCompiling "target/cljsbuild/public/js/app.js" from ["src/cljs" "src/cljc" "env/dev/cljs"]...[0m
[32mSuccessfully compiled "target/cljsbuild/public/js/app.js" in 0.486 seconds.[0m
notifying browser that file changed:  target/cljsbuild/public/js/out/new_todo/core.js
[0mCompiling "target/cljsbuild/public/js/app.js" from ["src/cljs" "src/cljc" "env/dev/cljs"]...[0m
[32mSuccessfully compiled "target/cljsbuild/public/js/app.js" in 0.51 seconds.[0m
notifying browser that file changed:  target/cljsbuild/public/js/out/new_todo/core.js
[0mCompiling "target/cljsbuild/public/js/app.js" from ["src/cljs" "src/cljc" "env/dev/cljs"]...[0m
[32mSuccessfully compiled "target/cljsbuild/public/js/app.js" in 0.488 seconds.[0m
notifying browser that file changed:  target/cljsbuild/public/js/out/new_todo/core.js
[0mCompiling "target/cljsbuild/public/js/app.js" from ["src/cljs" "src/cljc" "env/dev/cljs"]...[0m
[32mSuccessfully compiled "target/cljsbuild/public/js/app.js" in 0.515 seconds.[0m
notifying browser that file changed:  target/cljsbuild/public/js/out/new_todo/core.js
[0mCompiling "target/cljsbuild/public/js/app.js" from ["src/cljs" "src/cljc" "env/dev/cljs"]...[0m
[32mSuccessfully compiled "target/cljsbuild/public/js/app.js" in 0.577 seconds.[0m
notifying browser that file changed:  target/cljsbuild/public/js/out/new_todo/core.js
[0mCompiling "target/cljsbuild/public/js/app.js" from ["src/cljs" "src/cljc" "env/dev/cljs"]...[0m
[32mSuccessfully compiled "target/cljsbuild/public/js/app.js" in 0.497 seconds.[0m
notifying browser that file changed:  target/cljsbuild/public/js/out/new_todo/core.js
[0mCompiling "target/cljsbuild/public/js/app.js" from ["src/cljs" "src/cljc" "env/dev/cljs"]...[0m
[32mSuccessfully compiled "target/cljsbuild/public/js/app.js" in 0.481 seconds.[0m
notifying browser that file changed:  target/cljsbuild/public/js/out/new_todo/core.js
[0mCompiling "target/cljsbuild/public/js/app.js" from ["src/cljs" "src/cljc" "env/dev/cljs"]...[0m
[32mSuccessfully compiled "target/cljsbuild/public/js/app.js" in 0.48 seconds.[0m
notifying browser that file changed:  target/cljsbuild/public/js/out/new_todo/core.js
[0mCompiling "target/cljsbuild/public/js/app.js" from ["src/cljs" "src/cljc" "env/dev/cljs"]...[0m
[32mSuccessfully compiled "target/cljsbuild/public/js/app.js" in 0.484 seconds.[0m
notifying browser that file changed:  target/cljsbuild/public/js/out/new_todo/core.js
[0mCompiling "target/cljsbuild/public/js/app.js" from ["src/cljs" "src/cljc" "env/dev/cljs"]...[0m
[32mSuccessfully compiled "target/cljsbuild/public/js/app.js" in 0.498 seconds.[0m
notifying browser that file changed:  target/cljsbuild/public/js/out/new_todo/core.js
[0mCompiling "target/cljsbuild/public/js/app.js" from ["src/cljs" "src/cljc" "env/dev/cljs"]...[0m
[32mSuccessfully compiled "target/cljsbuild/public/js/app.js" in 0.472 seconds.[0m
notifying browser that file changed:  target/cljsbuild/public/js/out/new_todo/core.js
[0mCompiling "target/cljsbuild/public/js/app.js" from ["src/cljs" "src/cljc" "env/dev/cljs"]...[0m
[32mSuccessfully compiled "target/cljsbuild/public/js/app.js" in 0.503 seconds.[0m
notifying browser that file changed:  target/cljsbuild/public/js/out/new_todo/core.js
[0mCompiling "target/cljsbuild/public/js/app.js" from ["src/cljs" "src/cljc" "env/dev/cljs"]...[0m
[32mSuccessfully compiled "target/cljsbuild/public/js/app.js" in 0.494 seconds.[0m
notifying browser that file changed:  target/cljsbuild/public/js/out/new_todo/subscriptions.js
[0mCompiling "target/cljsbuild/public/js/app.js" from ["src/cljs" "src/cljc" "env/dev/cljs"]...[0m
[36m----  Compiler Warning on   src/cljs/new_todo/core.cljs   line:106  column:15  ----[0m

  [1mUse of undeclared Var re-frame.core/subscirbe[0m

  [36m102[0m  [36m                   :id "assign"}]][0m
  [36m103[0m  [36m    [:div [:input {:class "btn btn-success"[0m
  [36m104[0m  [36m                   :type "submit"[0m
  [36m105[0m  [36m                   :value "Submit"}]]][0m
  [33m106[0m  [1m   [:div [:p (rf/subscirbe [:pinboard])]]])[0m
  [0m   [0m  [33m              ^--- Use of undeclared Var re-frame.core/subscirbe[0m
  [36m107[0m  [36m[0m
  [36m108[0m  [36m(def pages[0m
  [36m109[0m  [36m  {:home #'home-page[0m
  [36m110[0m  [36m   :about #'about-page[0m
  [36m111[0m  [36m   :update #'update-page})[0m

[36m----  Compiler Warning : Please see src/cljs/new_todo/core.cljs  ----[0m
[32mSuccessfully compiled "target/cljsbuild/public/js/app.js" in 0.684 seconds.[0m
notifying browser that file changed:  target/cljsbuild/public/js/out/new_todo/core.js
[0mCompiling "target/cljsbuild/public/js/app.js" from ["src/cljs" "src/cljc" "env/dev/cljs"]...[0m
[32mSuccessfully compiled "target/cljsbuild/public/js/app.js" in 0.573 seconds.[0m
notifying browser that file changed:  target/cljsbuild/public/js/out/new_todo/core.js
[0mCompiling "target/cljsbuild/public/js/app.js" from ["src/cljs" "src/cljc" "env/dev/cljs"]...[0m
[32mSuccessfully compiled "target/cljsbuild/public/js/app.js" in 0.474 seconds.[0m
notifying browser that file changed:  target/cljsbuild/public/js/out/new_todo/core.js
[0mCompiling "target/cljsbuild/public/js/app.js" from ["src/cljs" "src/cljc" "env/dev/cljs"]...[0m
[31mFailed to compile "target/cljsbuild/public/js/app.js" in 0.312 seconds.[0m
[36m----  Could not Analyze  src/cljs/new_todo/core.cljs   line:107  column:1  ----[0m

  [1mUnable to resolve var: about-page in this context at line 107 src/cljs/new_todo/core.cljs[0m

  [36m105[0m  [36m                   :value "Submit"}]]]])[0m
  [36m106[0m  [36m[0m
  [33m107[0m  [1m(def pages[0m
  [0m   [0m  [33m^--- Unable to resolve var: about-page in this context at line 107 src/cljs/new_todo/core.cljs[0m
  [36m108[0m  [36m  {:home #'home-page[0m
  [36m109[0m  [36m   :about #'about-page[0m
  [36m110[0m  [36m   :update #'update-page})[0m

[36m----  Analysis Error : Please see src/cljs/new_todo/core.cljs  ----[0m
[0mCompiling "target/cljsbuild/public/js/app.js" from ["src/cljs" "src/cljc" "env/dev/cljs"]...[0m
[32mSuccessfully compiled "target/cljsbuild/public/js/app.js" in 0.552 seconds.[0m
notifying browser that file changed:  target/cljsbuild/public/js/out/new_todo/core.js
[0mCompiling "target/cljsbuild/public/js/app.js" from ["src/cljs" "src/cljc" "env/dev/cljs"]...[0m
[32mSuccessfully compiled "target/cljsbuild/public/js/app.js" in 0.473 seconds.[0m
notifying browser that file changed:  target/cljsbuild/public/js/out/new_todo/core.js
[0mCompiling "target/cljsbuild/public/js/app.js" from ["src/cljs" "src/cljc" "env/dev/cljs"]...[0m
[32mSuccessfully compiled "target/cljsbuild/public/js/app.js" in 0.478 seconds.[0m
notifying browser that file changed:  target/cljsbuild/public/js/out/new_todo/core.js
[0mCompiling "target/cljsbuild/public/js/app.js" from ["src/cljs" "src/cljc" "env/dev/cljs"]...[0m
[32mSuccessfully compiled "target/cljsbuild/public/js/app.js" in 0.474 seconds.[0m
notifying browser that file changed:  target/cljsbuild/public/js/out/new_todo/core.js
[0mCompiling "target/cljsbuild/public/js/app.js" from ["src/cljs" "src/cljc" "env/dev/cljs"]...[0m
[32mSuccessfully compiled "target/cljsbuild/public/js/app.js" in 0.481 seconds.[0m
notifying browser that file changed:  target/cljsbuild/public/js/out/new_todo/core.js
[0mCompiling "target/cljsbuild/public/js/app.js" from ["src/cljs" "src/cljc" "env/dev/cljs"]...[0m
[36m----  Compiler Warning on   src/cljs/new_todo/core.cljs   line:65  column:31  ----[0m

  [1mWrong number of args (1) passed to cljs.core/apply[0m

  [36m61[0m  [36m            :on-click #(rf/dispatch [:set-count])}]])[0m
  [36m62[0m  [36m[0m
  [36m63[0m  [36m(defn home-handler [response][0m
  [36m64[0m  [36m  (js/alert "Added to your pinboard")[0m
  [33m65[0m  [1m  (rf/dispatch [:set-pinboard (apply response)])[0m
  [0m  [0m  [33m                              ^--- Wrong number of args (1) passed to cljs.core/apply[0m
  [36m66[0m  [36m  #_(log "########" (rf/subscribe [:pin-board]))[0m
  [36m67[0m  [36m  #_(rf/dispatch [:set-active-page :about]))[0m
  [36m68[0m  [36m[0m
  [36m69[0m  [36m(defn home-page [][0m
  [36m70[0m  [36m  [:div.container[0m

[36m----  Compiler Warning : Please see src/cljs/new_todo/core.cljs  ----[0m
[32mSuccessfully compiled "target/cljsbuild/public/js/app.js" in 0.605 seconds.[0m
notifying browser that file changed:  target/cljsbuild/public/js/out/new_todo/core.js
[0mCompiling "target/cljsbuild/public/js/app.js" from ["src/cljs" "src/cljc" "env/dev/cljs"]...[0m
[32mSuccessfully compiled "target/cljsbuild/public/js/app.js" in 0.481 seconds.[0m
notifying browser that file changed:  target/cljsbuild/public/js/out/new_todo/core.js
[0mCompiling "target/cljsbuild/public/js/app.js" from ["src/cljs" "src/cljc" "env/dev/cljs"]...[0m
[32mSuccessfully compiled "target/cljsbuild/public/js/app.js" in 0.495 seconds.[0m
notifying browser that file changed:  target/cljsbuild/public/js/out/new_todo/core.js
[0mCompiling "target/cljsbuild/public/js/app.js" from ["src/cljs" "src/cljc" "env/dev/cljs"]...[0m
[32mSuccessfully compiled "target/cljsbuild/public/js/app.js" in 0.472 seconds.[0m
notifying browser that file changed:  target/cljsbuild/public/js/out/new_todo/core.js
[0mCompiling "target/cljsbuild/public/js/app.js" from ["src/cljs" "src/cljc" "env/dev/cljs"]...[0m
[32mSuccessfully compiled "target/cljsbuild/public/js/app.js" in 0.459 seconds.[0m
notifying browser that file changed:  target/cljsbuild/public/js/out/new_todo/core.js
[0mCompiling "target/cljsbuild/public/js/app.js" from ["src/cljs" "src/cljc" "env/dev/cljs"]...[0m
[32mSuccessfully compiled "target/cljsbuild/public/js/app.js" in 0.501 seconds.[0m
notifying browser that file changed:  target/cljsbuild/public/js/out/new_todo/core.js
[0mCompiling "target/cljsbuild/public/js/app.js" from ["src/cljs" "src/cljc" "env/dev/cljs"]...[0m
[32mSuccessfully compiled "target/cljsbuild/public/js/app.js" in 0.484 seconds.[0m
notifying browser that file changed:  target/cljsbuild/public/js/out/new_todo/core.js
[0mCompiling "target/cljsbuild/public/js/app.js" from ["src/cljs" "src/cljc" "env/dev/cljs"]...[0m
[32mSuccessfully compiled "target/cljsbuild/public/js/app.js" in 0.487 seconds.[0m
notifying browser that file changed:  target/cljsbuild/public/js/out/new_todo/core.js
[0mCompiling "target/cljsbuild/public/js/app.js" from ["src/cljs" "src/cljc" "env/dev/cljs"]...[0m
[32mSuccessfully compiled "target/cljsbuild/public/js/app.js" in 0.753 seconds.[0m
notifying browser that file changed:  target/cljsbuild/public/js/out/goog/deps.js
notifying browser that file changed:  target/cljsbuild/public/js/out/cljs_deps.js
notifying browser that file changed:  target/cljsbuild/public/js/out/new_todo/core.js
[0mCompiling "target/cljsbuild/public/js/app.js" from ["src/cljs" "src/cljc" "env/dev/cljs"]...[0m
[32mSuccessfully compiled "target/cljsbuild/public/js/app.js" in 0.682 seconds.[0m
notifying browser that file changed:  target/cljsbuild/public/js/out/new_todo/core.js
[0mCompiling "target/cljsbuild/public/js/app.js" from ["src/cljs" "src/cljc" "env/dev/cljs"]...[0m
[32mSuccessfully compiled "target/cljsbuild/public/js/app.js" in 0.76 seconds.[0m
notifying browser that file changed:  target/cljsbuild/public/js/out/new_todo/core.js
[0mCompiling "target/cljsbuild/public/js/app.js" from ["src/cljs" "src/cljc" "env/dev/cljs"]...[0m
[32mSuccessfully compiled "target/cljsbuild/public/js/app.js" in 0.651 seconds.[0m
notifying browser that file changed:  target/cljsbuild/public/js/out/new_todo/core.js
[0mCompiling "target/cljsbuild/public/js/app.js" from ["src/cljs" "src/cljc" "env/dev/cljs"]...[0m
[32mSuccessfully compiled "target/cljsbuild/public/js/app.js" in 0.651 seconds.[0m
notifying browser that file changed:  target/cljsbuild/public/js/out/new_todo/core.js
[0mCompiling "target/cljsbuild/public/js/app.js" from ["src/cljs" "src/cljc" "env/dev/cljs"]...[0m
[32mSuccessfully compiled "target/cljsbuild/public/js/app.js" in 0.569 seconds.[0m
notifying browser that file changed:  target/cljsbuild/public/js/out/new_todo/core.js
[0mCompiling "target/cljsbuild/public/js/app.js" from ["src/cljs" "src/cljc" "env/dev/cljs"]...[0m
[32mSuccessfully compiled "target/cljsbuild/public/js/app.js" in 0.626 seconds.[0m
notifying browser that file changed:  target/cljsbuild/public/js/out/new_todo/core.js
[0mCompiling "target/cljsbuild/public/js/app.js" from ["src/cljs" "src/cljc" "env/dev/cljs"]...[0m
[32mSuccessfully compiled "target/cljsbuild/public/js/app.js" in 0.576 seconds.[0m
notifying browser that file changed:  target/cljsbuild/public/js/out/new_todo/core.js
[0mCompiling "target/cljsbuild/public/js/app.js" from ["src/cljs" "src/cljc" "env/dev/cljs"]...[0m
[32mSuccessfully compiled "target/cljsbuild/public/js/app.js" in 0.539 seconds.[0m
notifying browser that file changed:  target/cljsbuild/public/js/out/new_todo/core.js
[0mCompiling "target/cljsbuild/public/js/app.js" from ["src/cljs" "src/cljc" "env/dev/cljs"]...[0m
[32mSuccessfully compiled "target/cljsbuild/public/js/app.js" in 0.579 seconds.[0m
notifying browser that file changed:  target/cljsbuild/public/js/out/new_todo/core.js
[0mCompiling "target/cljsbuild/public/js/app.js" from ["src/cljs" "src/cljc" "env/dev/cljs"]...[0m
[32mSuccessfully compiled "target/cljsbuild/public/js/app.js" in 0.63 seconds.[0m
notifying browser that file changed:  target/cljsbuild/public/js/out/new_todo/core.js
[0mCompiling "target/cljsbuild/public/js/app.js" from ["src/cljs" "src/cljc" "env/dev/cljs"]...[0m
[32mSuccessfully compiled "target/cljsbuild/public/js/app.js" in 0.529 seconds.[0m
notifying browser that file changed:  target/cljsbuild/public/js/out/new_todo/subscriptions.js
[0mCompiling "target/cljsbuild/public/js/app.js" from ["src/cljs" "src/cljc" "env/dev/cljs"]...[0m
[32mSuccessfully compiled "target/cljsbuild/public/js/app.js" in 0.557 seconds.[0m
notifying browser that file changed:  target/cljsbuild/public/js/out/new_todo/handlers.js
[0mCompiling "target/cljsbuild/public/js/app.js" from ["src/cljs" "src/cljc" "env/dev/cljs"]...[0m
[32mSuccessfully compiled "target/cljsbuild/public/js/app.js" in 0.54 seconds.[0m
notifying browser that file changed:  target/cljsbuild/public/js/out/new_todo/core.js
[0mCompiling "target/cljsbuild/public/js/app.js" from ["src/cljs" "src/cljc" "env/dev/cljs"]...[0m
[32mSuccessfully compiled "target/cljsbuild/public/js/app.js" in 0.628 seconds.[0m
notifying browser that file changed:  target/cljsbuild/public/js/out/new_todo/core.js
[0mCompiling "target/cljsbuild/public/js/app.js" from ["src/cljs" "src/cljc" "env/dev/cljs"]...[0m
[32mSuccessfully compiled "target/cljsbuild/public/js/app.js" in 0.655 seconds.[0m
notifying browser that file changed:  target/cljsbuild/public/js/out/new_todo/core.js
[0mCompiling "target/cljsbuild/public/js/app.js" from ["src/cljs" "src/cljc" "env/dev/cljs"]...[0m
[32mSuccessfully compiled "target/cljsbuild/public/js/app.js" in 0.531 seconds.[0m
notifying browser that file changed:  target/cljsbuild/public/js/out/new_todo/core.js
[0mCompiling "target/cljsbuild/public/js/app.js" from ["src/cljs" "src/cljc" "env/dev/cljs"]...[0m
[32mSuccessfully compiled "target/cljsbuild/public/js/app.js" in 0.502 seconds.[0m
notifying browser that file changed:  target/cljsbuild/public/js/out/new_todo/core.js
[0mCompiling "target/cljsbuild/public/js/app.js" from ["src/cljs" "src/cljc" "env/dev/cljs"]...[0m
[32mSuccessfully compiled "target/cljsbuild/public/js/app.js" in 0.569 seconds.[0m
notifying browser that file changed:  target/cljsbuild/public/js/out/new_todo/core.js
[0mCompiling "target/cljsbuild/public/js/app.js" from ["src/cljs" "src/cljc" "env/dev/cljs"]...[0m
[32mSuccessfully compiled "target/cljsbuild/public/js/app.js" in 0.497 seconds.[0m
notifying browser that file changed:  target/cljsbuild/public/js/out/new_todo/core.js
[0mCompiling "target/cljsbuild/public/js/app.js" from ["src/cljs" "src/cljc" "env/dev/cljs"]...[0m
[32mSuccessfully compiled "target/cljsbuild/public/js/app.js" in 0.477 seconds.[0m
notifying browser that file changed:  target/cljsbuild/public/js/out/new_todo/core.js
[0mCompiling "target/cljsbuild/public/js/app.js" from ["src/cljs" "src/cljc" "env/dev/cljs"]...[0m
[32mSuccessfully compiled "target/cljsbuild/public/js/app.js" in 0.495 seconds.[0m
notifying browser that file changed:  target/cljsbuild/public/js/out/new_todo/core.js
[0mCompiling "target/cljsbuild/public/js/app.js" from ["src/cljs" "src/cljc" "env/dev/cljs"]...[0m
[32mSuccessfully compiled "target/cljsbuild/public/js/app.js" in 0.512 seconds.[0m
notifying browser that file changed:  target/cljsbuild/public/js/out/new_todo/core.js
[0mCompiling "target/cljsbuild/public/js/app.js" from ["src/cljs" "src/cljc" "env/dev/cljs"]...[0m
[32mSuccessfully compiled "target/cljsbuild/public/js/app.js" in 0.475 seconds.[0m
notifying browser that file changed:  target/cljsbuild/public/js/out/new_todo/core.js
[0mCompiling "target/cljsbuild/public/js/app.js" from ["src/cljs" "src/cljc" "env/dev/cljs"]...[0m
[32mSuccessfully compiled "target/cljsbuild/public/js/app.js" in 0.477 seconds.[0m
notifying browser that file changed:  target/cljsbuild/public/js/out/new_todo/core.js
[0mCompiling "target/cljsbuild/public/js/app.js" from ["src/cljs" "src/cljc" "env/dev/cljs"]...[0m
[32mSuccessfully compiled "target/cljsbuild/public/js/app.js" in 0.488 seconds.[0m
notifying browser that file changed:  target/cljsbuild/public/js/out/new_todo/core.js
[0mCompiling "target/cljsbuild/public/js/app.js" from ["src/cljs" "src/cljc" "env/dev/cljs"]...[0m
[32mSuccessfully compiled "target/cljsbuild/public/js/app.js" in 0.505 seconds.[0m
notifying browser that file changed:  target/cljsbuild/public/js/out/new_todo/core.js
[0mCompiling "target/cljsbuild/public/js/app.js" from ["src/cljs" "src/cljc" "env/dev/cljs"]...[0m
[32mSuccessfully compiled "target/cljsbuild/public/js/app.js" in 0.481 seconds.[0m
notifying browser that file changed:  target/cljsbuild/public/js/out/new_todo/subscriptions.js
[0mCompiling "target/cljsbuild/public/js/app.js" from ["src/cljs" "src/cljc" "env/dev/cljs"]...[0m
[32mSuccessfully compiled "target/cljsbuild/public/js/app.js" in 0.466 seconds.[0m
notifying browser that file changed:  target/cljsbuild/public/js/out/new_todo/core.js
[0mCompiling "target/cljsbuild/public/js/app.js" from ["src/cljs" "src/cljc" "env/dev/cljs"]...[0m
[32mSuccessfully compiled "target/cljsbuild/public/js/app.js" in 0.488 seconds.[0m
notifying browser that file changed:  target/cljsbuild/public/js/out/new_todo/core.js
[0mCompiling "target/cljsbuild/public/js/app.js" from ["src/cljs" "src/cljc" "env/dev/cljs"]...[0m
[32mSuccessfully compiled "target/cljsbuild/public/js/app.js" in 0.511 seconds.[0m
notifying browser that file changed:  target/cljsbuild/public/js/out/new_todo/core.js
[0mCompiling "target/cljsbuild/public/js/app.js" from ["src/cljs" "src/cljc" "env/dev/cljs"]...[0m
[32mSuccessfully compiled "target/cljsbuild/public/js/app.js" in 0.464 seconds.[0m
notifying browser that file changed:  target/cljsbuild/public/js/out/new_todo/core.js
[0mCompiling "target/cljsbuild/public/js/app.js" from ["src/cljs" "src/cljc" "env/dev/cljs"]...[0m
[32mSuccessfully compiled "target/cljsbuild/public/js/app.js" in 0.478 seconds.[0m
notifying browser that file changed:  target/cljsbuild/public/js/out/new_todo/subscriptions.js
[0mCompiling "target/cljsbuild/public/js/app.js" from ["src/cljs" "src/cljc" "env/dev/cljs"]...[0m
[32mSuccessfully compiled "target/cljsbuild/public/js/app.js" in 0.479 seconds.[0m
notifying browser that file changed:  target/cljsbuild/public/js/out/new_todo/core.js
[0mCompiling "target/cljsbuild/public/js/app.js" from ["src/cljs" "src/cljc" "env/dev/cljs"]...[0m
[32mSuccessfully compiled "target/cljsbuild/public/js/app.js" in 0.468 seconds.[0m
notifying browser that file changed:  target/cljsbuild/public/js/out/new_todo/core.js
[0mCompiling "target/cljsbuild/public/js/app.js" from ["src/cljs" "src/cljc" "env/dev/cljs"]...[0m
[32mSuccessfully compiled "target/cljsbuild/public/js/app.js" in 0.48 seconds.[0m
notifying browser that file changed:  target/cljsbuild/public/js/out/new_todo/handlers.js
[0mCompiling "target/cljsbuild/public/js/app.js" from ["src/cljs" "src/cljc" "env/dev/cljs"]...[0m
[32mSuccessfully compiled "target/cljsbuild/public/js/app.js" in 0.495 seconds.[0m
notifying browser that file changed:  target/cljsbuild/public/js/out/new_todo/core.js
[0mCompiling "target/cljsbuild/public/js/app.js" from ["src/cljs" "src/cljc" "env/dev/cljs"]...[0m
[32mSuccessfully compiled "target/cljsbuild/public/js/app.js" in 0.467 seconds.[0m
notifying browser that file changed:  target/cljsbuild/public/js/out/new_todo/core.js
[0mCompiling "target/cljsbuild/public/js/app.js" from ["src/cljs" "src/cljc" "env/dev/cljs"]...[0m
[32mSuccessfully compiled "target/cljsbuild/public/js/app.js" in 0.489 seconds.[0m
notifying browser that file changed:  target/cljsbuild/public/js/out/new_todo/subscriptions.js
[0mCompiling "target/cljsbuild/public/js/app.js" from ["src/cljs" "src/cljc" "env/dev/cljs"]...[0m
[32mSuccessfully compiled "target/cljsbuild/public/js/app.js" in 0.48 seconds.[0m
notifying browser that file changed:  target/cljsbuild/public/js/out/new_todo/core.js
[0mCompiling "target/cljsbuild/public/js/app.js" from ["src/cljs" "src/cljc" "env/dev/cljs"]...[0m
[32mSuccessfully compiled "target/cljsbuild/public/js/app.js" in 0.463 seconds.[0m
notifying browser that file changed:  target/cljsbuild/public/js/out/new_todo/core.js
[0mCompiling "target/cljsbuild/public/js/app.js" from ["src/cljs" "src/cljc" "env/dev/cljs"]...[0m
[32mSuccessfully compiled "target/cljsbuild/public/js/app.js" in 0.469 seconds.[0m
notifying browser that file changed:  target/cljsbuild/public/js/out/new_todo/core.js
[0mCompiling "target/cljsbuild/public/js/app.js" from ["src/cljs" "src/cljc" "env/dev/cljs"]...[0m
[32mSuccessfully compiled "target/cljsbuild/public/js/app.js" in 0.892 seconds.[0m
notifying browser that file changed:  target/cljsbuild/public/js/out/goog/deps.js
notifying browser that file changed:  target/cljsbuild/public/js/out/cljs_deps.js
notifying browser that file changed:  target/cljsbuild/public/js/out/new_todo/core.js
[0mCompiling "target/cljsbuild/public/js/app.js" from ["src/cljs" "src/cljc" "env/dev/cljs"]...[0m
[32mSuccessfully compiled "target/cljsbuild/public/js/app.js" in 0.699 seconds.[0m
notifying browser that file changed:  target/cljsbuild/public/js/out/new_todo/core.js
[0mCompiling "target/cljsbuild/public/js/app.js" from ["src/cljs" "src/cljc" "env/dev/cljs"]...[0m
[32mSuccessfully compiled "target/cljsbuild/public/js/app.js" in 0.696 seconds.[0m
notifying browser that file changed:  target/cljsbuild/public/js/out/new_todo/core.js
[0mCompiling "target/cljsbuild/public/js/app.js" from ["src/cljs" "src/cljc" "env/dev/cljs"]...[0m
[32mSuccessfully compiled "target/cljsbuild/public/js/app.js" in 0.777 seconds.[0m
notifying browser that file changed:  target/cljsbuild/public/js/out/new_todo/core.js
[0mCompiling "target/cljsbuild/public/js/app.js" from ["src/cljs" "src/cljc" "env/dev/cljs"]...[0m
[32mSuccessfully compiled "target/cljsbuild/public/js/app.js" in 0.669 seconds.[0m
notifying browser that file changed:  target/cljsbuild/public/js/out/new_todo/core.js
[0mCompiling "target/cljsbuild/public/js/app.js" from ["src/cljs" "src/cljc" "env/dev/cljs"]...[0m
[32mSuccessfully compiled "target/cljsbuild/public/js/app.js" in 0.638 seconds.[0m
notifying browser that file changed:  target/cljsbuild/public/js/out/new_todo/core.js
[0mCompiling "target/cljsbuild/public/js/app.js" from ["src/cljs" "src/cljc" "env/dev/cljs"]...[0m
[32mSuccessfully compiled "target/cljsbuild/public/js/app.js" in 0.563 seconds.[0m
notifying browser that file changed:  target/cljsbuild/public/js/out/new_todo/core.js
[0mCompiling "target/cljsbuild/public/js/app.js" from ["src/cljs" "src/cljc" "env/dev/cljs"]...[0m
[32mSuccessfully compiled "target/cljsbuild/public/js/app.js" in 0.625 seconds.[0m
notifying browser that file changed:  target/cljsbuild/public/js/out/new_todo/core.js
[0mCompiling "target/cljsbuild/public/js/app.js" from ["src/cljs" "src/cljc" "env/dev/cljs"]...[0m
[32mSuccessfully compiled "target/cljsbuild/public/js/app.js" in 0.576 seconds.[0m
notifying browser that file changed:  target/cljsbuild/public/js/out/new_todo/core.js
[0mCompiling "target/cljsbuild/public/js/app.js" from ["src/cljs" "src/cljc" "env/dev/cljs"]...[0m
[32mSuccessfully compiled "target/cljsbuild/public/js/app.js" in 0.573 seconds.[0m
notifying browser that file changed:  target/cljsbuild/public/js/out/new_todo/core.js
[0mCompiling "target/cljsbuild/public/js/app.js" from ["src/cljs" "src/cljc" "env/dev/cljs"]...[0m
[32mSuccessfully compiled "target/cljsbuild/public/js/app.js" in 0.574 seconds.[0m
notifying browser that file changed:  target/cljsbuild/public/js/out/new_todo/core.js
[0mCompiling "target/cljsbuild/public/js/app.js" from ["src/cljs" "src/cljc" "env/dev/cljs"]...[0m
[32mSuccessfully compiled "target/cljsbuild/public/js/app.js" in 0.578 seconds.[0m
notifying browser that file changed:  target/cljsbuild/public/js/out/new_todo/core.js
[0mCompiling "target/cljsbuild/public/js/app.js" from ["src/cljs" "src/cljc" "env/dev/cljs"]...[0m
[32mSuccessfully compiled "target/cljsbuild/public/js/app.js" in 0.557 seconds.[0m
notifying browser that file changed:  target/cljsbuild/public/js/out/new_todo/core.js
[0mCompiling "target/cljsbuild/public/js/app.js" from ["src/cljs" "src/cljc" "env/dev/cljs"]...[0m
[32mSuccessfully compiled "target/cljsbuild/public/js/app.js" in 0.528 seconds.[0m
notifying browser that file changed:  target/cljsbuild/public/js/out/new_todo/core.js
[0mCompiling "target/cljsbuild/public/js/app.js" from ["src/cljs" "src/cljc" "env/dev/cljs"]...[0m
[32mSuccessfully compiled "target/cljsbuild/public/js/app.js" in 0.535 seconds.[0m
notifying browser that file changed:  target/cljsbuild/public/js/out/new_todo/core.js
[0mCompiling "target/cljsbuild/public/js/app.js" from ["src/cljs" "src/cljc" "env/dev/cljs"]...[0m
[32mSuccessfully compiled "target/cljsbuild/public/js/app.js" in 0.543 seconds.[0m
notifying browser that file changed:  target/cljsbuild/public/js/out/new_todo/core.js
[0mCompiling "target/cljsbuild/public/js/app.js" from ["src/cljs" "src/cljc" "env/dev/cljs"]...[0m
[32mSuccessfully compiled "target/cljsbuild/public/js/app.js" in 0.539 seconds.[0m
notifying browser that file changed:  target/cljsbuild/public/js/out/new_todo/core.js
[0mCompiling "target/cljsbuild/public/js/app.js" from ["src/cljs" "src/cljc" "env/dev/cljs"]...[0m
[32mSuccessfully compiled "target/cljsbuild/public/js/app.js" in 0.496 seconds.[0m
notifying browser that file changed:  target/cljsbuild/public/js/out/new_todo/core.js
[0mCompiling "target/cljsbuild/public/js/app.js" from ["src/cljs" "src/cljc" "env/dev/cljs"]...[0m
[32mSuccessfully compiled "target/cljsbuild/public/js/app.js" in 0.499 seconds.[0m
notifying browser that file changed:  target/cljsbuild/public/js/out/new_todo/core.js
[0mCompiling "target/cljsbuild/public/js/app.js" from ["src/cljs" "src/cljc" "env/dev/cljs"]...[0m
[32mSuccessfully compiled "target/cljsbuild/public/js/app.js" in 0.485 seconds.[0m
notifying browser that file changed:  target/cljsbuild/public/js/out/new_todo/core.js
[0mCompiling "target/cljsbuild/public/js/app.js" from ["src/cljs" "src/cljc" "env/dev/cljs"]...[0m
[32mSuccessfully compiled "target/cljsbuild/public/js/app.js" in 0.558 seconds.[0m
notifying browser that file changed:  target/cljsbuild/public/js/out/new_todo/core.js
[0mCompiling "target/cljsbuild/public/js/app.js" from ["src/cljs" "src/cljc" "env/dev/cljs"]...[0m
[32mSuccessfully compiled "target/cljsbuild/public/js/app.js" in 0.501 seconds.[0m
notifying browser that file changed:  target/cljsbuild/public/js/out/new_todo/core.js
[0mCompiling "target/cljsbuild/public/js/app.js" from ["src/cljs" "src/cljc" "env/dev/cljs"]...[0m
[32mSuccessfully compiled "target/cljsbuild/public/js/app.js" in 0.506 seconds.[0m
notifying browser that file changed:  target/cljsbuild/public/js/out/new_todo/core.js
[0mCompiling "target/cljsbuild/public/js/app.js" from ["src/cljs" "src/cljc" "env/dev/cljs"]...[0m
[32mSuccessfully compiled "target/cljsbuild/public/js/app.js" in 0.476 seconds.[0m
notifying browser that file changed:  target/cljsbuild/public/js/out/new_todo/core.js
[0mCompiling "target/cljsbuild/public/js/app.js" from ["src/cljs" "src/cljc" "env/dev/cljs"]...[0m
[32mSuccessfully compiled "target/cljsbuild/public/js/app.js" in 0.544 seconds.[0m
notifying browser that file changed:  target/cljsbuild/public/js/out/new_todo/core.js
[0mCompiling "target/cljsbuild/public/js/app.js" from ["src/cljs" "src/cljc" "env/dev/cljs"]...[0m
[32mSuccessfully compiled "target/cljsbuild/public/js/app.js" in 0.566 seconds.[0m
notifying browser that file changed:  target/cljsbuild/public/js/out/new_todo/core.js
[0mCompiling "target/cljsbuild/public/js/app.js" from ["src/cljs" "src/cljc" "env/dev/cljs"]...[0m
[32mSuccessfully compiled "target/cljsbuild/public/js/app.js" in 0.474 seconds.[0m
notifying browser that file changed:  target/cljsbuild/public/js/out/new_todo/core.js
[0mCompiling "target/cljsbuild/public/js/app.js" from ["src/cljs" "src/cljc" "env/dev/cljs"]...[0m
[32mSuccessfully compiled "target/cljsbuild/public/js/app.js" in 0.475 seconds.[0m
notifying browser that file changed:  target/cljsbuild/public/js/out/new_todo/core.js
[0mCompiling "target/cljsbuild/public/js/app.js" from ["src/cljs" "src/cljc" "env/dev/cljs"]...[0m
[32mSuccessfully compiled "target/cljsbuild/public/js/app.js" in 0.509 seconds.[0m
notifying browser that file changed:  target/cljsbuild/public/js/out/new_todo/core.js
[0mCompiling "target/cljsbuild/public/js/app.js" from ["src/cljs" "src/cljc" "env/dev/cljs"]...[0m
[32mSuccessfully compiled "target/cljsbuild/public/js/app.js" in 0.485 seconds.[0m
notifying browser that file changed:  target/cljsbuild/public/js/out/new_todo/core.js
[0mCompiling "target/cljsbuild/public/js/app.js" from ["src/cljs" "src/cljc" "env/dev/cljs"]...[0m
[32mSuccessfully compiled "target/cljsbuild/public/js/app.js" in 0.476 seconds.[0m
notifying browser that file changed:  target/cljsbuild/public/js/out/new_todo/core.js
[0mCompiling "target/cljsbuild/public/js/app.js" from ["src/cljs" "src/cljc" "env/dev/cljs"]...[0m
[32mSuccessfully compiled "target/cljsbuild/public/js/app.js" in 0.472 seconds.[0m
notifying browser that file changed:  target/cljsbuild/public/js/out/new_todo/core.js
[0mCompiling "target/cljsbuild/public/js/app.js" from ["src/cljs" "src/cljc" "env/dev/cljs"]...[0m
[32mSuccessfully compiled "target/cljsbuild/public/js/app.js" in 0.52 seconds.[0m
notifying browser that file changed:  target/cljsbuild/public/js/out/new_todo/core.js
[0mCompiling "target/cljsbuild/public/js/app.js" from ["src/cljs" "src/cljc" "env/dev/cljs"]...[0m
[32mSuccessfully compiled "target/cljsbuild/public/js/app.js" in 0.472 seconds.[0m
notifying browser that file changed:  target/cljsbuild/public/js/out/new_todo/core.js
[0mCompiling "target/cljsbuild/public/js/app.js" from ["src/cljs" "src/cljc" "env/dev/cljs"]...[0m
[32mSuccessfully compiled "target/cljsbuild/public/js/app.js" in 0.47 seconds.[0m
notifying browser that file changed:  target/cljsbuild/public/js/out/new_todo/core.js
[0mCompiling "target/cljsbuild/public/js/app.js" from ["src/cljs" "src/cljc" "env/dev/cljs"]...[0m
[32mSuccessfully compiled "target/cljsbuild/public/js/app.js" in 0.469 seconds.[0m
notifying browser that file changed:  target/cljsbuild/public/js/out/new_todo/core.js
[0mCompiling "target/cljsbuild/public/js/app.js" from ["src/cljs" "src/cljc" "env/dev/cljs"]...[0m
[32mSuccessfully compiled "target/cljsbuild/public/js/app.js" in 0.505 seconds.[0m
notifying browser that file changed:  target/cljsbuild/public/js/out/new_todo/core.js
[0mCompiling "target/cljsbuild/public/js/app.js" from ["src/cljs" "src/cljc" "env/dev/cljs"]...[0m
[32mSuccessfully compiled "target/cljsbuild/public/js/app.js" in 0.486 seconds.[0m
notifying browser that file changed:  target/cljsbuild/public/js/out/new_todo/core.js
[0mCompiling "target/cljsbuild/public/js/app.js" from ["src/cljs" "src/cljc" "env/dev/cljs"]...[0m
[32mSuccessfully compiled "target/cljsbuild/public/js/app.js" in 0.491 seconds.[0m
notifying browser that file changed:  target/cljsbuild/public/js/out/new_todo/core.js
[0mCompiling "target/cljsbuild/public/js/app.js" from ["src/cljs" "src/cljc" "env/dev/cljs"]...[0m
[32mSuccessfully compiled "target/cljsbuild/public/js/app.js" in 0.506 seconds.[0m
notifying browser that file changed:  target/cljsbuild/public/js/out/new_todo/core.js
[0mCompiling "target/cljsbuild/public/js/app.js" from ["src/cljs" "src/cljc" "env/dev/cljs"]...[0m
[32mSuccessfully compiled "target/cljsbuild/public/js/app.js" in 0.47 seconds.[0m
notifying browser that file changed:  target/cljsbuild/public/js/out/new_todo/core.js
[0mCompiling "target/cljsbuild/public/js/app.js" from ["src/cljs" "src/cljc" "env/dev/cljs"]...[0m
[32mSuccessfully compiled "target/cljsbuild/public/js/app.js" in 0.474 seconds.[0m
notifying browser that file changed:  target/cljsbuild/public/js/out/new_todo/core.js
[0mCompiling "target/cljsbuild/public/js/app.js" from ["src/cljs" "src/cljc" "env/dev/cljs"]...[0m
[32mSuccessfully compiled "target/cljsbuild/public/js/app.js" in 0.474 seconds.[0m
notifying browser that file changed:  target/cljsbuild/public/js/out/new_todo/core.js
[0mCompiling "target/cljsbuild/public/js/app.js" from ["src/cljs" "src/cljc" "env/dev/cljs"]...[0m
[32mSuccessfully compiled "target/cljsbuild/public/js/app.js" in 0.506 seconds.[0m
notifying browser that file changed:  target/cljsbuild/public/js/out/new_todo/core.js
[0mCompiling "target/cljsbuild/public/js/app.js" from ["src/cljs" "src/cljc" "env/dev/cljs"]...[0m
[32mSuccessfully compiled "target/cljsbuild/public/js/app.js" in 0.469 seconds.[0m
notifying browser that file changed:  target/cljsbuild/public/js/out/new_todo/core.js
[0mCompiling "target/cljsbuild/public/js/app.js" from ["src/cljs" "src/cljc" "env/dev/cljs"]...[0m
[32mSuccessfully compiled "target/cljsbuild/public/js/app.js" in 0.499 seconds.[0m
notifying browser that file changed:  target/cljsbuild/public/js/out/new_todo/core.js
[0mCompiling "target/cljsbuild/public/js/app.js" from ["src/cljs" "src/cljc" "env/dev/cljs"]...[0m
[32mSuccessfully compiled "target/cljsbuild/public/js/app.js" in 0.503 seconds.[0m
notifying browser that file changed:  target/cljsbuild/public/js/out/new_todo/core.js
[0mCompiling "target/cljsbuild/public/js/app.js" from ["src/cljs" "src/cljc" "env/dev/cljs"]...[0m
[32mSuccessfully compiled "target/cljsbuild/public/js/app.js" in 0.472 seconds.[0m
notifying browser that file changed:  target/cljsbuild/public/js/out/new_todo/core.js
[0mCompiling "target/cljsbuild/public/js/app.js" from ["src/cljs" "src/cljc" "env/dev/cljs"]...[0m
[32mSuccessfully compiled "target/cljsbuild/public/js/app.js" in 0.47 seconds.[0m
notifying browser that file changed:  target/cljsbuild/public/js/out/new_todo/core.js
[0mCompiling "target/cljsbuild/public/js/app.js" from ["src/cljs" "src/cljc" "env/dev/cljs"]...[0m
[32mSuccessfully compiled "target/cljsbuild/public/js/app.js" in 0.5 seconds.[0m
notifying browser that file changed:  target/cljsbuild/public/js/out/new_todo/core.js
[0mCompiling "target/cljsbuild/public/js/app.js" from ["src/cljs" "src/cljc" "env/dev/cljs"]...[0m
[32mSuccessfully compiled "target/cljsbuild/public/js/app.js" in 0.489 seconds.[0m
notifying browser that file changed:  target/cljsbuild/public/js/out/new_todo/core.js
[0mCompiling "target/cljsbuild/public/js/app.js" from ["src/cljs" "src/cljc" "env/dev/cljs"]...[0m
[32mSuccessfully compiled "target/cljsbuild/public/js/app.js" in 0.465 seconds.[0m
notifying browser that file changed:  target/cljsbuild/public/js/out/new_todo/core.js
[0mCompiling "target/cljsbuild/public/js/app.js" from ["src/cljs" "src/cljc" "env/dev/cljs"]...[0m
[32mSuccessfully compiled "target/cljsbuild/public/js/app.js" in 0.554 seconds.[0m
notifying browser that file changed:  target/cljsbuild/public/js/out/new_todo/core.js
[0mCompiling "target/cljsbuild/public/js/app.js" from ["src/cljs" "src/cljc" "env/dev/cljs"]...[0m
[32mSuccessfully compiled "target/cljsbuild/public/js/app.js" in 0.481 seconds.[0m
notifying browser that file changed:  target/cljsbuild/public/js/out/new_todo/core.js
[0mCompiling "target/cljsbuild/public/js/app.js" from ["src/cljs" "src/cljc" "env/dev/cljs"]...[0m
[32mSuccessfully compiled "target/cljsbuild/public/js/app.js" in 0.472 seconds.[0m
notifying browser that file changed:  target/cljsbuild/public/js/out/new_todo/core.js
[0mCompiling "target/cljsbuild/public/js/app.js" from ["src/cljs" "src/cljc" "env/dev/cljs"]...[0m
[32mSuccessfully compiled "target/cljsbuild/public/js/app.js" in 0.55 seconds.[0m
notifying browser that file changed:  target/cljsbuild/public/js/out/new_todo/core.js
[0mCompiling "target/cljsbuild/public/js/app.js" from ["src/cljs" "src/cljc" "env/dev/cljs"]...[0m
[32mSuccessfully compiled "target/cljsbuild/public/js/app.js" in 0.466 seconds.[0m
notifying browser that file changed:  target/cljsbuild/public/js/out/new_todo/core.js
[0mCompiling "target/cljsbuild/public/js/app.js" from ["src/cljs" "src/cljc" "env/dev/cljs"]...[0m
[36m----  Compiler Warning on   src/cljs/new_todo/core.cljs   line:56  column:48  ----[0m

  [1mUse of undeclared Var new-todo.core/%[0m

  [36m52[0m  [36m  [:div.container[0m
  [36m53[0m  [36m   (let [pins @(rf/subscribe [:get-pinboard])][0m
  [36m54[0m  [36m     [:div [:h3  "Your pending pins are"][0m
  [36m55[0m  [36m      [:div [:ul[0m
  [33m56[0m  [1m             (map (str "Author:" (str (:author %))) pins)]]])])[0m
  [0m  [0m  [33m                                               ^--- Use of undeclared Var new-todo.core/%[0m
  [36m57[0m  [36m[0m
  [36m58[0m  [36m(defn update-page [][0m
  [36m59[0m  [36m  [:div.container[0m
  [36m60[0m  [36m   [:h2 "The total count is: " @(rf/subscribe [:count])][0m
  [36m61[0m  [36m   [:input {:type "button"[0m

[36m----  Compiler Warning : Please see src/cljs/new_todo/core.cljs  ----[0m
[32mSuccessfully compiled "target/cljsbuild/public/js/app.js" in 0.53 seconds.[0m
notifying browser that file changed:  target/cljsbuild/public/js/out/new_todo/core.js
[0mCompiling "target/cljsbuild/public/js/app.js" from ["src/cljs" "src/cljc" "env/dev/cljs"]...[0m
[32mSuccessfully compiled "target/cljsbuild/public/js/app.js" in 0.485 seconds.[0m
notifying browser that file changed:  target/cljsbuild/public/js/out/new_todo/core.js
[0mCompiling "target/cljsbuild/public/js/app.js" from ["src/cljs" "src/cljc" "env/dev/cljs"]...[0m
[32mSuccessfully compiled "target/cljsbuild/public/js/app.js" in 0.469 seconds.[0m
notifying browser that file changed:  target/cljsbuild/public/js/out/new_todo/core.js
[0mCompiling "target/cljsbuild/public/js/app.js" from ["src/cljs" "src/cljc" "env/dev/cljs"]...[0m
[32mSuccessfully compiled "target/cljsbuild/public/js/app.js" in 0.488 seconds.[0m
notifying browser that file changed:  target/cljsbuild/public/js/out/new_todo/core.js
[0mCompiling "target/cljsbuild/public/js/app.js" from ["src/cljs" "src/cljc" "env/dev/cljs"]...[0m
[32mSuccessfully compiled "target/cljsbuild/public/js/app.js" in 0.474 seconds.[0m
notifying browser that file changed:  target/cljsbuild/public/js/out/new_todo/core.js
[0mCompiling "target/cljsbuild/public/js/app.js" from ["src/cljs" "src/cljc" "env/dev/cljs"]...[0m
[36m----  Compiler Warning on   src/cljs/new_todo/core.cljs   line:56  column:62  ----[0m

  [1mUse of undeclared Var new-todo.core/%[0m

  [36m52[0m  [36m  [:div.container[0m
  [36m53[0m  [36m   (let [pins @(rf/subscribe [:get-pinboard])][0m
  [36m54[0m  [36m     [:div [:h3  "Your pending pins are"][0m
  [36m55[0m  [36m      [:div [:ul[0m
  [33m56[0m  [1m             (map (fn []  [:li (str "Author: " (str (:author %))[0m
  [0m  [0m  [33m                                                             ^--- Use of undeclared Var new-todo.core/%[0m
  [36m57[0m  [36m                                    "Task: " (str (:task %))[0m
  [36m58[0m  [36m                                    "Description : " (str (:desc %))[0m
  [36m59[0m  [36m                                    "Assigned to: " (str (:assign %)))]) pins)]]])])[0m
  [36m60[0m  [36m[0m
  [36m61[0m  [36m(defn update-page [][0m

[36m----  Compiler Warning : Please see src/cljs/new_todo/core.cljs  ----[0m
[36m----  Compiler Warning on   src/cljs/new_todo/core.cljs   line:57  column:58  ----[0m

  [1mUse of undeclared Var new-todo.core/%[0m

  [36m53[0m  [36m   (let [pins @(rf/subscribe [:get-pinboard])][0m
  [36m54[0m  [36m     [:div [:h3  "Your pending pins are"][0m
  [36m55[0m  [36m      [:div [:ul[0m
  [36m56[0m  [36m             (map (fn []  [:li (str "Author: " (str (:author %))[0m
  [33m57[0m  [1m                                    "Task: " (str (:task %))[0m
  [0m  [0m  [33m                                                         ^--- Use of undeclared Var new-todo.core/%[0m
  [36m58[0m  [36m                                    "Description : " (str (:desc %))[0m
  [36m59[0m  [36m                                    "Assigned to: " (str (:assign %)))]) pins)]]])])[0m
  [36m60[0m  [36m[0m
  [36m61[0m  [36m(defn update-page [][0m
  [36m62[0m  [36m  [:div.container[0m

[36m----  Compiler Warning : Please see src/cljs/new_todo/core.cljs  ----[0m
[36m----  Compiler Warning on   src/cljs/new_todo/core.cljs   line:58  column:66  ----[0m

  [1mUse of undeclared Var new-todo.core/%[0m

  [36m54[0m  [36m     [:div [:h3  "Your pending pins are"][0m
  [36m55[0m  [36m      [:div [:ul[0m
  [36m56[0m  [36m             (map (fn []  [:li (str "Author: " (str (:author %))[0m
  [36m57[0m  [36m                                    "Task: " (str (:task %))[0m
  [33m58[0m  [1m                                    "Description : " (str (:desc %))[0m
  [0m  [0m  [33m                                                                 ^--- Use of undeclared Var new-todo.core/%[0m
  [36m59[0m  [36m                                    "Assigned to: " (str (:assign %)))]) pins)]]])])[0m
  [36m60[0m  [36m[0m
  [36m61[0m  [36m(defn update-page [][0m
  [36m62[0m  [36m  [:div.container[0m
  [36m63[0m  [36m   [:h2 "The total count is: " @(rf/subscribe [:count])][0m

[36m----  Compiler Warning : Please see src/cljs/new_todo/core.cljs  ----[0m
[36m----  Compiler Warning on   src/cljs/new_todo/core.cljs   line:59  column:67  ----[0m

  [1mUse of undeclared Var new-todo.core/%[0m

  [36m55[0m  [36m      [:div [:ul[0m
  [36m56[0m  [36m             (map (fn []  [:li (str "Author: " (str (:author %))[0m
  [36m57[0m  [36m                                    "Task: " (str (:task %))[0m
  [36m58[0m  [36m                                    "Description : " (str (:desc %))[0m
  [33m59[0m  [1m                                    "Assigned to: " (str (:assign %)))]) pins)]]])])[0m
  [0m  [0m  [33m                                                                  ^--- Use of undeclared Var new-todo.core/%[0m
  [36m60[0m  [36m[0m
  [36m61[0m  [36m(defn update-page [][0m
  [36m62[0m  [36m  [:div.container[0m
  [36m63[0m  [36m   [:h2 "The total count is: " @(rf/subscribe [:count])][0m
  [36m64[0m  [36m   [:input {:type "button"[0m

[36m----  Compiler Warning : Please see src/cljs/new_todo/core.cljs  ----[0m
[32mSuccessfully compiled "target/cljsbuild/public/js/app.js" in 0.583 seconds.[0m
notifying browser that file changed:  target/cljsbuild/public/js/out/new_todo/core.js
[0mCompiling "target/cljsbuild/public/js/app.js" from ["src/cljs" "src/cljc" "env/dev/cljs"]...[0m
[32mSuccessfully compiled "target/cljsbuild/public/js/app.js" in 0.499 seconds.[0m
notifying browser that file changed:  target/cljsbuild/public/js/out/new_todo/core.js
[0mCompiling "target/cljsbuild/public/js/app.js" from ["src/cljs" "src/cljc" "env/dev/cljs"]...[0m
[32mSuccessfully compiled "target/cljsbuild/public/js/app.js" in 0.56 seconds.[0m
notifying browser that file changed:  target/cljsbuild/public/js/out/new_todo/core.js
[0mCompiling "target/cljsbuild/public/js/app.js" from ["src/cljs" "src/cljc" "env/dev/cljs"]...[0m
[32mSuccessfully compiled "target/cljsbuild/public/js/app.js" in 0.525 seconds.[0m
notifying browser that file changed:  target/cljsbuild/public/js/out/new_todo/core.js
[0mCompiling "target/cljsbuild/public/js/app.js" from ["src/cljs" "src/cljc" "env/dev/cljs"]...[0m
[32mSuccessfully compiled "target/cljsbuild/public/js/app.js" in 0.474 seconds.[0m
notifying browser that file changed:  target/cljsbuild/public/js/out/new_todo/core.js
[0mCompiling "target/cljsbuild/public/js/app.js" from ["src/cljs" "src/cljc" "env/dev/cljs"]...[0m
[32mSuccessfully compiled "target/cljsbuild/public/js/app.js" in 0.458 seconds.[0m
notifying browser that file changed:  target/cljsbuild/public/js/out/new_todo/core.js
[0mCompiling "target/cljsbuild/public/js/app.js" from ["src/cljs" "src/cljc" "env/dev/cljs"]...[0m
[32mSuccessfully compiled "target/cljsbuild/public/js/app.js" in 0.48 seconds.[0m
notifying browser that file changed:  target/cljsbuild/public/js/out/new_todo/core.js
[0mCompiling "target/cljsbuild/public/js/app.js" from ["src/cljs" "src/cljc" "env/dev/cljs"]...[0m
[32mSuccessfully compiled "target/cljsbuild/public/js/app.js" in 0.466 seconds.[0m
notifying browser that file changed:  target/cljsbuild/public/js/out/new_todo/core.js
[0mCompiling "target/cljsbuild/public/js/app.js" from ["src/cljs" "src/cljc" "env/dev/cljs"]...[0m
[32mSuccessfully compiled "target/cljsbuild/public/js/app.js" in 0.509 seconds.[0m
notifying browser that file changed:  target/cljsbuild/public/js/out/new_todo/core.js
[0mCompiling "target/cljsbuild/public/js/app.js" from ["src/cljs" "src/cljc" "env/dev/cljs"]...[0m
[32mSuccessfully compiled "target/cljsbuild/public/js/app.js" in 0.464 seconds.[0m
notifying browser that file changed:  target/cljsbuild/public/js/out/new_todo/core.js
[0mCompiling "target/cljsbuild/public/js/app.js" from ["src/cljs" "src/cljc" "env/dev/cljs"]...[0m
[32mSuccessfully compiled "target/cljsbuild/public/js/app.js" in 0.478 seconds.[0m
notifying browser that file changed:  target/cljsbuild/public/js/out/new_todo/core.js
[0mCompiling "target/cljsbuild/public/js/app.js" from ["src/cljs" "src/cljc" "env/dev/cljs"]...[0m
[32mSuccessfully compiled "target/cljsbuild/public/js/app.js" in 0.463 seconds.[0m
notifying browser that file changed:  target/cljsbuild/public/js/out/new_todo/core.js
[0mCompiling "target/cljsbuild/public/js/app.js" from ["src/cljs" "src/cljc" "env/dev/cljs"]...[0m
[32mSuccessfully compiled "target/cljsbuild/public/js/app.js" in 0.482 seconds.[0m
notifying browser that file changed:  target/cljsbuild/public/js/out/new_todo/core.js
[0mCompiling "target/cljsbuild/public/js/app.js" from ["src/cljs" "src/cljc" "env/dev/cljs"]...[0m
[32mSuccessfully compiled "target/cljsbuild/public/js/app.js" in 0.508 seconds.[0m
notifying browser that file changed:  target/cljsbuild/public/js/out/new_todo/core.js
[0mCompiling "target/cljsbuild/public/js/app.js" from ["src/cljs" "src/cljc" "env/dev/cljs"]...[0m
[32mSuccessfully compiled "target/cljsbuild/public/js/app.js" in 0.486 seconds.[0m
notifying browser that file changed:  target/cljsbuild/public/js/out/new_todo/core.js
[0mCompiling "target/cljsbuild/public/js/app.js" from ["src/cljs" "src/cljc" "env/dev/cljs"]...[0m
[32mSuccessfully compiled "target/cljsbuild/public/js/app.js" in 0.468 seconds.[0m
notifying browser that file changed:  target/cljsbuild/public/js/out/new_todo/core.js
[0mCompiling "target/cljsbuild/public/js/app.js" from ["src/cljs" "src/cljc" "env/dev/cljs"]...[0m
[32mSuccessfully compiled "target/cljsbuild/public/js/app.js" in 0.454 seconds.[0m
notifying browser that file changed:  target/cljsbuild/public/js/out/new_todo/core.js
[0mCompiling "target/cljsbuild/public/js/app.js" from ["src/cljs" "src/cljc" "env/dev/cljs"]...[0m
[32mSuccessfully compiled "target/cljsbuild/public/js/app.js" in 0.45 seconds.[0m
notifying browser that file changed:  target/cljsbuild/public/js/out/new_todo/core.js
[0mCompiling "target/cljsbuild/public/js/app.js" from ["src/cljs" "src/cljc" "env/dev/cljs"]...[0m
[32mSuccessfully compiled "target/cljsbuild/public/js/app.js" in 0.463 seconds.[0m
notifying browser that file changed:  target/cljsbuild/public/js/out/new_todo/core.js
[0mCompiling "target/cljsbuild/public/js/app.js" from ["src/cljs" "src/cljc" "env/dev/cljs"]...[0m
[32mSuccessfully compiled "target/cljsbuild/public/js/app.js" in 0.45 seconds.[0m
notifying browser that file changed:  target/cljsbuild/public/js/out/new_todo/core.js
[0mCompiling "target/cljsbuild/public/js/app.js" from ["src/cljs" "src/cljc" "env/dev/cljs"]...[0m
[32mSuccessfully compiled "target/cljsbuild/public/js/app.js" in 0.458 seconds.[0m
notifying browser that file changed:  target/cljsbuild/public/js/out/new_todo/core.js
[0mCompiling "target/cljsbuild/public/js/app.js" from ["src/cljs" "src/cljc" "env/dev/cljs"]...[0m
[32mSuccessfully compiled "target/cljsbuild/public/js/app.js" in 0.445 seconds.[0m
notifying browser that file changed:  target/cljsbuild/public/js/out/new_todo/core.js
[0mCompiling "target/cljsbuild/public/js/app.js" from ["src/cljs" "src/cljc" "env/dev/cljs"]...[0m
[32mSuccessfully compiled "target/cljsbuild/public/js/app.js" in 0.475 seconds.[0m
notifying browser that file changed:  target/cljsbuild/public/js/out/new_todo/core.js
[0mCompiling "target/cljsbuild/public/js/app.js" from ["src/cljs" "src/cljc" "env/dev/cljs"]...[0m
[32mSuccessfully compiled "target/cljsbuild/public/js/app.js" in 0.472 seconds.[0m
notifying browser that file changed:  target/cljsbuild/public/js/out/new_todo/core.js
[0mCompiling "target/cljsbuild/public/js/app.js" from ["src/cljs" "src/cljc" "env/dev/cljs"]...[0m
[32mSuccessfully compiled "target/cljsbuild/public/js/app.js" in 0.463 seconds.[0m
notifying browser that file changed:  target/cljsbuild/public/js/out/new_todo/core.js
[0mCompiling "target/cljsbuild/public/js/app.js" from ["src/cljs" "src/cljc" "env/dev/cljs"]...[0m
[32mSuccessfully compiled "target/cljsbuild/public/js/app.js" in 0.47 seconds.[0m
notifying browser that file changed:  target/cljsbuild/public/js/out/new_todo/core.js
[0mCompiling "target/cljsbuild/public/js/app.js" from ["src/cljs" "src/cljc" "env/dev/cljs"]...[0m
[32mSuccessfully compiled "target/cljsbuild/public/js/app.js" in 0.442 seconds.[0m
notifying browser that file changed:  target/cljsbuild/public/js/out/new_todo/core.js
[0mCompiling "target/cljsbuild/public/js/app.js" from ["src/cljs" "src/cljc" "env/dev/cljs"]...[0m
[31mFailed to compile "target/cljsbuild/public/js/app.js" in 0.289 seconds.[0m
[36m----  Could not Read  src/cljs/new_todo/core.cljs   line:58 ----[0m

  [1m/home/hitesh/hello-world/new-todo/src/cljs/new_todo/core.cljs [line 58, col 86] The map literal starting with :class on line 58 column 34 contains 3 form(s). Map literals must contain an even number of forms.[0m

  [36m56[0m  [36m(map (fn [x] [:li.list-group.item[0m
  [36m57[0m  [36m              [:ul.list-group[0m
  [33m58[0m  [1m               [:li {:class "list-group-item" "list-group-item-success"}[0m
  [0m  [0m  [33m               /home/hitesh/hello-world/new-todo/src/cljs/new_todo/core.cljs [line 58, col 86] The map literal starting with :class on line 58 column 34 contains 3 form(s). Map literals must contain an even number of forms.[0m
  [36m59[0m  [36m                (str "Author: " (:author x))][0m
  [36m60[0m  [36m               [:li.list-group-item-info (str "Task: " (:task x))][0m
  [36m61[0m  [36m               [:li.list-group-item-info (str "Description: " (:desc x))][0m

[36m----  Reader Error : Please see src/cljs/new_todo/core.cljs  ----[0m
[0mCompiling "target/cljsbuild/public/js/app.js" from ["src/cljs" "src/cljc" "env/dev/cljs"]...[0m
[32mSuccessfully compiled "target/cljsbuild/public/js/app.js" in 0.456 seconds.[0m
notifying browser that file changed:  target/cljsbuild/public/js/out/new_todo/core.js
[0mCompiling "target/cljsbuild/public/js/app.js" from ["src/cljs" "src/cljc" "env/dev/cljs"]...[0m
[32mSuccessfully compiled "target/cljsbuild/public/js/app.js" in 0.472 seconds.[0m
notifying browser that file changed:  target/cljsbuild/public/js/out/new_todo/core.js
[0mCompiling "target/cljsbuild/public/js/app.js" from ["src/cljs" "src/cljc" "env/dev/cljs"]...[0m
[32mSuccessfully compiled "target/cljsbuild/public/js/app.js" in 0.494 seconds.[0m
notifying browser that file changed:  target/cljsbuild/public/js/out/new_todo/core.js
[0mCompiling "target/cljsbuild/public/js/app.js" from ["src/cljs" "src/cljc" "env/dev/cljs"]...[0m
[32mSuccessfully compiled "target/cljsbuild/public/js/app.js" in 0.489 seconds.[0m
notifying browser that file changed:  target/cljsbuild/public/js/out/new_todo/core.js
[0mCompiling "target/cljsbuild/public/js/app.js" from ["src/cljs" "src/cljc" "env/dev/cljs"]...[0m
[32mSuccessfully compiled "target/cljsbuild/public/js/app.js" in 0.493 seconds.[0m
notifying browser that file changed:  target/cljsbuild/public/js/out/new_todo/core.js
[0mCompiling "target/cljsbuild/public/js/app.js" from ["src/cljs" "src/cljc" "env/dev/cljs"]...[0m
[32mSuccessfully compiled "target/cljsbuild/public/js/app.js" in 0.503 seconds.[0m
notifying browser that file changed:  target/cljsbuild/public/js/out/new_todo/core.js
[0mCompiling "target/cljsbuild/public/js/app.js" from ["src/cljs" "src/cljc" "env/dev/cljs"]...[0m
[32mSuccessfully compiled "target/cljsbuild/public/js/app.js" in 0.491 seconds.[0m
notifying browser that file changed:  target/cljsbuild/public/js/out/new_todo/core.js
[0mCompiling "target/cljsbuild/public/js/app.js" from ["src/cljs" "src/cljc" "env/dev/cljs"]...[0m
[32mSuccessfully compiled "target/cljsbuild/public/js/app.js" in 0.465 seconds.[0m
notifying browser that file changed:  target/cljsbuild/public/js/out/new_todo/core.js
[0mCompiling "target/cljsbuild/public/js/app.js" from ["src/cljs" "src/cljc" "env/dev/cljs"]...[0m
[32mSuccessfully compiled "target/cljsbuild/public/js/app.js" in 0.474 seconds.[0m
notifying browser that file changed:  target/cljsbuild/public/js/out/new_todo/core.js
[0mCompiling "target/cljsbuild/public/js/app.js" from ["src/cljs" "src/cljc" "env/dev/cljs"]...[0m
[32mSuccessfully compiled "target/cljsbuild/public/js/app.js" in 0.462 seconds.[0m
notifying browser that file changed:  target/cljsbuild/public/js/out/new_todo/core.js
[0mCompiling "target/cljsbuild/public/js/app.js" from ["src/cljs" "src/cljc" "env/dev/cljs"]...[0m
[32mSuccessfully compiled "target/cljsbuild/public/js/app.js" in 0.472 seconds.[0m
notifying browser that file changed:  target/cljsbuild/public/js/out/new_todo/core.js
[0mCompiling "target/cljsbuild/public/js/app.js" from ["src/cljs" "src/cljc" "env/dev/cljs"]...[0m
[32mSuccessfully compiled "target/cljsbuild/public/js/app.js" in 0.467 seconds.[0m
notifying browser that file changed:  target/cljsbuild/public/js/out/new_todo/core.js
[0mCompiling "target/cljsbuild/public/js/app.js" from ["src/cljs" "src/cljc" "env/dev/cljs"]...[0m
[32mSuccessfully compiled "target/cljsbuild/public/js/app.js" in 0.484 seconds.[0m
notifying browser that file changed:  target/cljsbuild/public/js/out/new_todo/core.js
[0mCompiling "target/cljsbuild/public/js/app.js" from ["src/cljs" "src/cljc" "env/dev/cljs"]...[0m
[32mSuccessfully compiled "target/cljsbuild/public/js/app.js" in 0.478 seconds.[0m
notifying browser that file changed:  target/cljsbuild/public/js/out/new_todo/core.js
[0mCompiling "target/cljsbuild/public/js/app.js" from ["src/cljs" "src/cljc" "env/dev/cljs"]...[0m
[32mSuccessfully compiled "target/cljsbuild/public/js/app.js" in 0.47 seconds.[0m
notifying browser that file changed:  target/cljsbuild/public/js/out/new_todo/core.js
[0mCompiling "target/cljsbuild/public/js/app.js" from ["src/cljs" "src/cljc" "env/dev/cljs"]...[0m
[32mSuccessfully compiled "target/cljsbuild/public/js/app.js" in 0.461 seconds.[0m
notifying browser that file changed:  target/cljsbuild/public/js/out/new_todo/core.js
[0mCompiling "target/cljsbuild/public/js/app.js" from ["src/cljs" "src/cljc" "env/dev/cljs"]...[0m
[32mSuccessfully compiled "target/cljsbuild/public/js/app.js" in 0.562 seconds.[0m
notifying browser that file changed:  target/cljsbuild/public/js/out/new_todo/core.js
[0mCompiling "target/cljsbuild/public/js/app.js" from ["src/cljs" "src/cljc" "env/dev/cljs"]...[0m
[32mSuccessfully compiled "target/cljsbuild/public/js/app.js" in 0.537 seconds.[0m
notifying browser that file changed:  target/cljsbuild/public/js/out/new_todo/core.js
[0mCompiling "target/cljsbuild/public/js/app.js" from ["src/cljs" "src/cljc" "env/dev/cljs"]...[0m
[32mSuccessfully compiled "target/cljsbuild/public/js/app.js" in 0.476 seconds.[0m
notifying browser that file changed:  target/cljsbuild/public/js/out/new_todo/core.js
[0mCompiling "target/cljsbuild/public/js/app.js" from ["src/cljs" "src/cljc" "env/dev/cljs"]...[0m
[32mSuccessfully compiled "target/cljsbuild/public/js/app.js" in 0.472 seconds.[0m
notifying browser that file changed:  target/cljsbuild/public/js/out/new_todo/core.js
[0mCompiling "target/cljsbuild/public/js/app.js" from ["src/cljs" "src/cljc" "env/dev/cljs"]...[0m
[32mSuccessfully compiled "target/cljsbuild/public/js/app.js" in 0.472 seconds.[0m
notifying browser that file changed:  target/cljsbuild/public/js/out/new_todo/core.js
[0mCompiling "target/cljsbuild/public/js/app.js" from ["src/cljs" "src/cljc" "env/dev/cljs"]...[0m
[36m----  Compiler Warning on   src/cljs/new_todo/core.cljs   line:68  column:54  ----[0m

  [1mUse of undeclared Var new-todo.core/Done[0m

  [36m64[0m  [36m                            [:li {:class "list-group-item list-group-item-danger"}[0m
  [36m65[0m  [36m                             (str "Assigned to: " (:assign x))][0m
  [36m66[0m  [36m                            [:button {:type "button"[0m
  [36m67[0m  [36m                                      :class "btn btn-success"[0m
  [33m68[0m  [1m                                      :on-click "#"} Done]]]) pins)]]])])[0m
  [0m  [0m  [33m                                                     ^--- Use of undeclared Var new-todo.core/Done[0m
  [36m69[0m  [36m[0m
  [36m70[0m  [36m(defn update-page [][0m
  [36m71[0m  [36m  [:div.container[0m
  [36m72[0m  [36m   [:h2 "The total count is: " @(rf/subscribe [:count])][0m
  [36m73[0m  [36m   [:input {:type "button"[0m

[36m----  Compiler Warning : Please see src/cljs/new_todo/core.cljs  ----[0m
[32mSuccessfully compiled "target/cljsbuild/public/js/app.js" in 0.515 seconds.[0m
notifying browser that file changed:  target/cljsbuild/public/js/out/new_todo/core.js
[0mCompiling "target/cljsbuild/public/js/app.js" from ["src/cljs" "src/cljc" "env/dev/cljs"]...[0m
[32mSuccessfully compiled "target/cljsbuild/public/js/app.js" in 0.469 seconds.[0m
notifying browser that file changed:  target/cljsbuild/public/js/out/new_todo/core.js
[0mCompiling "target/cljsbuild/public/js/app.js" from ["src/cljs" "src/cljc" "env/dev/cljs"]...[0m
[32mSuccessfully compiled "target/cljsbuild/public/js/app.js" in 0.49 seconds.[0m
notifying browser that file changed:  target/cljsbuild/public/js/out/new_todo/core.js
[0mCompiling "target/cljsbuild/public/js/app.js" from ["src/cljs" "src/cljc" "env/dev/cljs"]...[0m
[32mSuccessfully compiled "target/cljsbuild/public/js/app.js" in 0.475 seconds.[0m
notifying browser that file changed:  target/cljsbuild/public/js/out/new_todo/core.js
[0mCompiling "target/cljsbuild/public/js/app.js" from ["src/cljs" "src/cljc" "env/dev/cljs"]...[0m
[32mSuccessfully compiled "target/cljsbuild/public/js/app.js" in 0.473 seconds.[0m
notifying browser that file changed:  target/cljsbuild/public/js/out/new_todo/core.js
[0mCompiling "target/cljsbuild/public/js/app.js" from ["src/cljs" "src/cljc" "env/dev/cljs"]...[0m
[32mSuccessfully compiled "target/cljsbuild/public/js/app.js" in 0.468 seconds.[0m
notifying browser that file changed:  target/cljsbuild/public/js/out/new_todo/core.js
[0mCompiling "target/cljsbuild/public/js/app.js" from ["src/cljs" "src/cljc" "env/dev/cljs"]...[0m
[32mSuccessfully compiled "target/cljsbuild/public/js/app.js" in 0.471 seconds.[0m
notifying browser that file changed:  target/cljsbuild/public/js/out/new_todo/core.js
[0mCompiling "target/cljsbuild/public/js/app.js" from ["src/cljs" "src/cljc" "env/dev/cljs"]...[0m
[32mSuccessfully compiled "target/cljsbuild/public/js/app.js" in 0.47 seconds.[0m
notifying browser that file changed:  target/cljsbuild/public/js/out/new_todo/core.js
[0mCompiling "target/cljsbuild/public/js/app.js" from ["src/cljs" "src/cljc" "env/dev/cljs"]...[0m
[32mSuccessfully compiled "target/cljsbuild/public/js/app.js" in 0.484 seconds.[0m
notifying browser that file changed:  target/cljsbuild/public/js/out/new_todo/handlers.js
[0mCompiling "target/cljsbuild/public/js/app.js" from ["src/cljs" "src/cljc" "env/dev/cljs"]...[0m
[32mSuccessfully compiled "target/cljsbuild/public/js/app.js" in 0.482 seconds.[0m
notifying browser that file changed:  target/cljsbuild/public/js/out/new_todo/subscriptions.js
[0mCompiling "target/cljsbuild/public/js/app.js" from ["src/cljs" "src/cljc" "env/dev/cljs"]...[0m
[32mSuccessfully compiled "target/cljsbuild/public/js/app.js" in 0.475 seconds.[0m
notifying browser that file changed:  target/cljsbuild/public/js/out/new_todo/subscriptions.js
[0mCompiling "target/cljsbuild/public/js/app.js" from ["src/cljs" "src/cljc" "env/dev/cljs"]...[0m
[32mSuccessfully compiled "target/cljsbuild/public/js/app.js" in 0.516 seconds.[0m
notifying browser that file changed:  target/cljsbuild/public/js/out/new_todo/handlers.js
[0mCompiling "target/cljsbuild/public/js/app.js" from ["src/cljs" "src/cljc" "env/dev/cljs"]...[0m
[32mSuccessfully compiled "target/cljsbuild/public/js/app.js" in 0.476 seconds.[0m
notifying browser that file changed:  target/cljsbuild/public/js/out/new_todo/core.js
[0mCompiling "target/cljsbuild/public/js/app.js" from ["src/cljs" "src/cljc" "env/dev/cljs"]...[0m
[32mSuccessfully compiled "target/cljsbuild/public/js/app.js" in 0.506 seconds.[0m
notifying browser that file changed:  target/cljsbuild/public/js/out/new_todo/subscriptions.js
[0mCompiling "target/cljsbuild/public/js/app.js" from ["src/cljs" "src/cljc" "env/dev/cljs"]...[0m
[32mSuccessfully compiled "target/cljsbuild/public/js/app.js" in 0.833 seconds.[0m
notifying browser that file changed:  target/cljsbuild/public/js/out/goog/deps.js
notifying browser that file changed:  target/cljsbuild/public/js/out/cljs_deps.js
notifying browser that file changed:  target/cljsbuild/public/js/out/new_todo/handlers.js
[0mCompiling "target/cljsbuild/public/js/app.js" from ["src/cljs" "src/cljc" "env/dev/cljs"]...[0m
[36m----  Compiler Warning on   src/cljs/new_todo/core.cljs   line:75  column:81  ----[0m

  [1mUse of undeclared Var new-todo.core/about-handler[0m

  [36m71[0m  [36m                                                                                :a (:assign x)}[0m
  [36m72[0m  [36m                                                                       :format :json[0m
  [36m73[0m  [36m                                                                       :response-format :json[0m
  [36m74[0m  [36m                                                                       :keywords? true[0m
  [33m75[0m  [1m                                                                       :handler about-handler[0m
  [0m  [0m  [33m                                                                                ^--- Use of undeclared Var new-todo.core/about-handler[0m
  [36m76[0m  [36m                                                                       :error-handler error-handler}))} "Done"]]]) pins)]]])])[0m
  [36m77[0m  [36m[0m
  [36m78[0m  [36m(defn update-page [][0m
  [36m79[0m  [36m  [:div.container[0m
  [36m80[0m  [36m   (let [pins @(rf/subscribe [:get-done-pinboard])][0m

[36m----  Compiler Warning : Please see src/cljs/new_todo/core.cljs  ----[0m
[32mSuccessfully compiled "target/cljsbuild/public/js/app.js" in 0.729 seconds.[0m
notifying browser that file changed:  target/cljsbuild/public/js/out/new_todo/core.js
[0mCompiling "target/cljsbuild/public/js/app.js" from ["src/cljs" "src/cljc" "env/dev/cljs"]...[0m
[36m----  Compiler Warning on   src/cljs/new_todo/core.cljs   line:49  column:4  ----[0m

  [1mUse of undeclared Var new-todo.core/rf[0m

  [36m45[0m  [36m       [nav-link "#/about" "Pending pins" :about collapsed?][0m
  [36m46[0m  [36m       [nav-link "#/update" "Done pins" :update collapsed?]]]]))[0m
  [36m47[0m  [36m[0m
  [36m48[0m  [36m(defn about-handler [response][0m
  [33m49[0m  [1m  (rf))[0m
  [0m  [0m  [33m   ^--- Use of undeclared Var new-todo.core/rf[0m
  [36m50[0m  [36m[0m
  [36m51[0m  [36m(defn about-page [][0m
  [36m52[0m  [36m  [:div.container[0m
  [36m53[0m  [36m   (let [pins @(rf/subscribe [:get-pinboard])][0m
  [36m54[0m  [36m     [:div [:h3  "Your pending pins are"][0m

[36m----  Compiler Warning : Please see src/cljs/new_todo/core.cljs  ----[0m
[32mSuccessfully compiled "target/cljsbuild/public/js/app.js" in 0.692 seconds.[0m
notifying browser that file changed:  target/cljsbuild/public/js/out/new_todo/core.js
[0mCompiling "target/cljsbuild/public/js/app.js" from ["src/cljs" "src/cljc" "env/dev/cljs"]...[0m
[32mSuccessfully compiled "target/cljsbuild/public/js/app.js" in 0.716 seconds.[0m
notifying browser that file changed:  target/cljsbuild/public/js/out/new_todo/core.js
[0mCompiling "target/cljsbuild/public/js/app.js" from ["src/cljs" "src/cljc" "env/dev/cljs"]...[0m
[32mSuccessfully compiled "target/cljsbuild/public/js/app.js" in 0.569 seconds.[0m
notifying browser that file changed:  target/cljsbuild/public/js/out/new_todo/core.js
[0mCompiling "target/cljsbuild/public/js/app.js" from ["src/cljs" "src/cljc" "env/dev/cljs"]...[0m
[32mSuccessfully compiled "target/cljsbuild/public/js/app.js" in 0.568 seconds.[0m
notifying browser that file changed:  target/cljsbuild/public/js/out/new_todo/subscriptions.js
[0mCompiling "target/cljsbuild/public/js/app.js" from ["src/cljs" "src/cljc" "env/dev/cljs"]...[0m
[32mSuccessfully compiled "target/cljsbuild/public/js/app.js" in 0.635 seconds.[0m
notifying browser that file changed:  target/cljsbuild/public/js/out/new_todo/core.js
[0mCompiling "target/cljsbuild/public/js/app.js" from ["src/cljs" "src/cljc" "env/dev/cljs"]...[0m
[32mSuccessfully compiled "target/cljsbuild/public/js/app.js" in 0.55 seconds.[0m
notifying browser that file changed:  target/cljsbuild/public/js/out/new_todo/core.js
[0mCompiling "target/cljsbuild/public/js/app.js" from ["src/cljs" "src/cljc" "env/dev/cljs"]...[0m
[32mSuccessfully compiled "target/cljsbuild/public/js/app.js" in 0.551 seconds.[0m
notifying browser that file changed:  target/cljsbuild/public/js/out/new_todo/core.js
[0mCompiling "target/cljsbuild/public/js/app.js" from ["src/cljs" "src/cljc" "env/dev/cljs"]...[0m
[32mSuccessfully compiled "target/cljsbuild/public/js/app.js" in 0.578 seconds.[0m
notifying browser that file changed:  target/cljsbuild/public/js/out/new_todo/core.js
[0mCompiling "target/cljsbuild/public/js/app.js" from ["src/cljs" "src/cljc" "env/dev/cljs"]...[0m
[32mSuccessfully compiled "target/cljsbuild/public/js/app.js" in 0.624 seconds.[0m
notifying browser that file changed:  target/cljsbuild/public/js/out/new_todo/core.js
Notifying browser that CSS file changed: resources/public/css/screen.css
Notifying browser that CSS file changed: resources/public/css/screen.css
[0mCompiling "target/cljsbuild/public/js/app.js" from ["src/cljs" "src/cljc" "env/dev/cljs"]...[0m
[32mSuccessfully compiled "target/cljsbuild/public/js/app.js" in 0.522 seconds.[0m
notifying browser that file changed:  target/cljsbuild/public/js/out/new_todo/core.js
[0mCompiling "target/cljsbuild/public/js/app.js" from ["src/cljs" "src/cljc" "env/dev/cljs"]...[0m
[32mSuccessfully compiled "target/cljsbuild/public/js/app.js" in 0.558 seconds.[0m
notifying browser that file changed:  target/cljsbuild/public/js/out/new_todo/core.js
[0mCompiling "target/cljsbuild/public/js/app.js" from ["src/cljs" "src/cljc" "env/dev/cljs"]...[0m
[32mSuccessfully compiled "target/cljsbuild/public/js/app.js" in 0.586 seconds.[0m
notifying browser that file changed:  target/cljsbuild/public/js/out/new_todo/core.js
[0mCompiling "target/cljsbuild/public/js/app.js" from ["src/cljs" "src/cljc" "env/dev/cljs"]...[0m
[32mSuccessfully compiled "target/cljsbuild/public/js/app.js" in 0.566 seconds.[0m
notifying browser that file changed:  target/cljsbuild/public/js/out/new_todo/core.js
[0mCompiling "target/cljsbuild/public/js/app.js" from ["src/cljs" "src/cljc" "env/dev/cljs"]...[0m
[32mSuccessfully compiled "target/cljsbuild/public/js/app.js" in 0.55 seconds.[0m
notifying browser that file changed:  target/cljsbuild/public/js/out/new_todo/core.js
[0mCompiling "target/cljsbuild/public/js/app.js" from ["src/cljs" "src/cljc" "env/dev/cljs"]...[0m
[32mSuccessfully compiled "target/cljsbuild/public/js/app.js" in 0.55 seconds.[0m
notifying browser that file changed:  target/cljsbuild/public/js/out/new_todo/core.js
Notifying browser that CSS file changed: resources/public/css/screen.css
Notifying browser that CSS file changed: resources/public/css/screen.css
Notifying browser that CSS file changed: resources/public/css/screen.css
[0mCompiling "target/cljsbuild/public/js/app.js" from ["src/cljs" "src/cljc" "env/dev/cljs"]...[0m
[32mSuccessfully compiled "target/cljsbuild/public/js/app.js" in 0.506 seconds.[0m
notifying browser that file changed:  target/cljsbuild/public/js/out/new_todo/core.js
Notifying browser that CSS file changed: resources/public/css/screen.css
Notifying browser that CSS file changed: resources/public/css/screen.css
[0mCompiling "target/cljsbuild/public/js/app.js" from ["src/cljs" "src/cljc" "env/dev/cljs"]...[0m
[32mSuccessfully compiled "target/cljsbuild/public/js/app.js" in 0.548 seconds.[0m
notifying browser that file changed:  target/cljsbuild/public/js/out/new_todo/core.js
[0mCompiling "target/cljsbuild/public/js/app.js" from ["src/cljs" "src/cljc" "env/dev/cljs"]...[0m
[32mSuccessfully compiled "target/cljsbuild/public/js/app.js" in 0.537 seconds.[0m
notifying browser that file changed:  target/cljsbuild/public/js/out/new_todo/core.js
[0mCompiling "target/cljsbuild/public/js/app.js" from ["src/cljs" "src/cljc" "env/dev/cljs"]...[0m
[32mSuccessfully compiled "target/cljsbuild/public/js/app.js" in 0.516 seconds.[0m
notifying browser that file changed:  target/cljsbuild/public/js/out/new_todo/core.js
[0mCompiling "target/cljsbuild/public/js/app.js" from ["src/cljs" "src/cljc" "env/dev/cljs"]...[0m
[32mSuccessfully compiled "target/cljsbuild/public/js/app.js" in 0.498 seconds.[0m
notifying browser that file changed:  target/cljsbuild/public/js/out/new_todo/core.js
[0mCompiling "target/cljsbuild/public/js/app.js" from ["src/cljs" "src/cljc" "env/dev/cljs"]...[0m
[32mSuccessfully compiled "target/cljsbuild/public/js/app.js" in 0.554 seconds.[0m
notifying browser that file changed:  target/cljsbuild/public/js/out/new_todo/core.js
[0mCompiling "target/cljsbuild/public/js/app.js" from ["src/cljs" "src/cljc" "env/dev/cljs"]...[0m
[32mSuccessfully compiled "target/cljsbuild/public/js/app.js" in 0.518 seconds.[0m
notifying browser that file changed:  target/cljsbuild/public/js/out/new_todo/core.js
[0mCompiling "target/cljsbuild/public/js/app.js" from ["src/cljs" "src/cljc" "env/dev/cljs"]...[0m
[32mSuccessfully compiled "target/cljsbuild/public/js/app.js" in 0.504 seconds.[0m
notifying browser that file changed:  target/cljsbuild/public/js/out/new_todo/subscriptions.js
[0mCompiling "target/cljsbuild/public/js/app.js" from ["src/cljs" "src/cljc" "env/dev/cljs"]...[0m
[32mSuccessfully compiled "target/cljsbuild/public/js/app.js" in 0.523 seconds.[0m
notifying browser that file changed:  target/cljsbuild/public/js/out/new_todo/core.js
[0mCompiling "target/cljsbuild/public/js/app.js" from ["src/cljs" "src/cljc" "env/dev/cljs"]...[0m
[32mSuccessfully compiled "target/cljsbuild/public/js/app.js" in 0.462 seconds.[0m
notifying browser that file changed:  target/cljsbuild/public/js/out/new_todo/core.js
[0mCompiling "target/cljsbuild/public/js/app.js" from ["src/cljs" "src/cljc" "env/dev/cljs"]...[0m
[32mSuccessfully compiled "target/cljsbuild/public/js/app.js" in 0.499 seconds.[0m
notifying browser that file changed:  target/cljsbuild/public/js/out/new_todo/core.js
[0mCompiling "target/cljsbuild/public/js/app.js" from ["src/cljs" "src/cljc" "env/dev/cljs"]...[0m
[32mSuccessfully compiled "target/cljsbuild/public/js/app.js" in 0.479 seconds.[0m
notifying browser that file changed:  target/cljsbuild/public/js/out/new_todo/core.js
[0mCompiling "target/cljsbuild/public/js/app.js" from ["src/cljs" "src/cljc" "env/dev/cljs"]...[0m
[32mSuccessfully compiled "target/cljsbuild/public/js/app.js" in 0.473 seconds.[0m
notifying browser that file changed:  target/cljsbuild/public/js/out/new_todo/core.js
[0mCompiling "target/cljsbuild/public/js/app.js" from ["src/cljs" "src/cljc" "env/dev/cljs"]...[0m
[32mSuccessfully compiled "target/cljsbuild/public/js/app.js" in 0.443 seconds.[0m
[0mCompiling "target/cljsbuild/public/js/app.js" from ["src/cljs" "src/cljc" "env/dev/cljs"]...[0m
[32mSuccessfully compiled "target/cljsbuild/public/js/app.js" in 0.462 seconds.[0m
notifying browser that file changed:  target/cljsbuild/public/js/out/new_todo/core.js
[0mCompiling "target/cljsbuild/public/js/app.js" from ["src/cljs" "src/cljc" "env/dev/cljs"]...[0m
[32mSuccessfully compiled "target/cljsbuild/public/js/app.js" in 0.484 seconds.[0m
notifying browser that file changed:  target/cljsbuild/public/js/out/new_todo/core.js
[0mCompiling "target/cljsbuild/public/js/app.js" from ["src/cljs" "src/cljc" "env/dev/cljs"]...[0m
[32mSuccessfully compiled "target/cljsbuild/public/js/app.js" in 0.539 seconds.[0m
notifying browser that file changed:  target/cljsbuild/public/js/out/new_todo/core.js
[0mCompiling "target/cljsbuild/public/js/app.js" from ["src/cljs" "src/cljc" "env/dev/cljs"]...[0m
[32mSuccessfully compiled "target/cljsbuild/public/js/app.js" in 0.475 seconds.[0m
notifying browser that file changed:  target/cljsbuild/public/js/out/new_todo/core.js
[0mCompiling "target/cljsbuild/public/js/app.js" from ["src/cljs" "src/cljc" "env/dev/cljs"]...[0m
[32mSuccessfully compiled "target/cljsbuild/public/js/app.js" in 0.5 seconds.[0m
notifying browser that file changed:  target/cljsbuild/public/js/out/new_todo/core.js
[0mCompiling "target/cljsbuild/public/js/app.js" from ["src/cljs" "src/cljc" "env/dev/cljs"]...[0m
[32mSuccessfully compiled "target/cljsbuild/public/js/app.js" in 0.473 seconds.[0m
notifying browser that file changed:  target/cljsbuild/public/js/out/new_todo/core.js
[0mCompiling "target/cljsbuild/public/js/app.js" from ["src/cljs" "src/cljc" "env/dev/cljs"]...[0m
[32mSuccessfully compiled "target/cljsbuild/public/js/app.js" in 0.463 seconds.[0m
notifying browser that file changed:  target/cljsbuild/public/js/out/new_todo/core.js
[0mCompiling "target/cljsbuild/public/js/app.js" from ["src/cljs" "src/cljc" "env/dev/cljs"]...[0m
[32mSuccessfully compiled "target/cljsbuild/public/js/app.js" in 0.5 seconds.[0m
notifying browser that file changed:  target/cljsbuild/public/js/out/new_todo/core.js
[0mCompiling "target/cljsbuild/public/js/app.js" from ["src/cljs" "src/cljc" "env/dev/cljs"]...[0m
[32mSuccessfully compiled "target/cljsbuild/public/js/app.js" in 0.475 seconds.[0m
notifying browser that file changed:  target/cljsbuild/public/js/out/new_todo/core.js
[0mCompiling "target/cljsbuild/public/js/app.js" from ["src/cljs" "src/cljc" "env/dev/cljs"]...[0m
[32mSuccessfully compiled "target/cljsbuild/public/js/app.js" in 0.497 seconds.[0m
notifying browser that file changed:  target/cljsbuild/public/js/out/new_todo/core.js
[0mCompiling "target/cljsbuild/public/js/app.js" from ["src/cljs" "src/cljc" "env/dev/cljs"]...[0m
[32mSuccessfully compiled "target/cljsbuild/public/js/app.js" in 0.457 seconds.[0m
notifying browser that file changed:  target/cljsbuild/public/js/out/new_todo/core.js
[0mCompiling "target/cljsbuild/public/js/app.js" from ["src/cljs" "src/cljc" "env/dev/cljs"]...[0m
[32mSuccessfully compiled "target/cljsbuild/public/js/app.js" in 0.519 seconds.[0m
notifying browser that file changed:  target/cljsbuild/public/js/out/new_todo/core.js
[0mCompiling "target/cljsbuild/public/js/app.js" from ["src/cljs" "src/cljc" "env/dev/cljs"]...[0m
[32mSuccessfully compiled "target/cljsbuild/public/js/app.js" in 0.464 seconds.[0m
notifying browser that file changed:  target/cljsbuild/public/js/out/new_todo/core.js
[0mCompiling "target/cljsbuild/public/js/app.js" from ["src/cljs" "src/cljc" "env/dev/cljs"]...[0m
[32mSuccessfully compiled "target/cljsbuild/public/js/app.js" in 0.475 seconds.[0m
notifying browser that file changed:  target/cljsbuild/public/js/out/new_todo/core.js
[0mCompiling "target/cljsbuild/public/js/app.js" from ["src/cljs" "src/cljc" "env/dev/cljs"]...[0m
[32mSuccessfully compiled "target/cljsbuild/public/js/app.js" in 0.469 seconds.[0m
notifying browser that file changed:  target/cljsbuild/public/js/out/new_todo/core.js
[0mCompiling "target/cljsbuild/public/js/app.js" from ["src/cljs" "src/cljc" "env/dev/cljs"]...[0m
[32mSuccessfully compiled "target/cljsbuild/public/js/app.js" in 0.478 seconds.[0m
notifying browser that file changed:  target/cljsbuild/public/js/out/new_todo/core.js
[0mCompiling "target/cljsbuild/public/js/app.js" from ["src/cljs" "src/cljc" "env/dev/cljs"]...[0m
[32mSuccessfully compiled "target/cljsbuild/public/js/app.js" in 0.466 seconds.[0m
notifying browser that file changed:  target/cljsbuild/public/js/out/new_todo/core.js
